{
  "stats": {
    "suites": 6,
    "tests": 21,
    "passes": 21,
    "pending": 0,
    "failures": 0,
    "start": "2025-03-27T04:56:52.855Z",
    "end": "2025-03-27T04:57:41.850Z",
    "duration": 48995,
    "testsRegistered": 21,
    "passPercent": 100,
    "pendingPercent": 0,
    "other": 0,
    "hasOther": false,
    "skipped": 0,
    "hasSkipped": false
  },
  "results": [
    {
      "uuid": "309ce795-7a89-4884-a65e-3961726efac2",
      "title": "",
      "fullFile": "cypress\\e2e\\SPMS\\spms_004.cy.js",
      "file": "cypress\\e2e\\SPMS\\spms_004.cy.js",
      "beforeHooks": [],
      "afterHooks": [],
      "tests": [],
      "suites": [
        {
          "uuid": "9fdb7135-23a1-493e-8114-22a2a8ca0854",
          "title": "การทดสอบหน้ารายละเอียดโปรเจกต์",
          "fullFile": "",
          "file": "",
          "beforeHooks": [],
          "afterHooks": [],
          "tests": [],
          "suites": [
            {
              "uuid": "81b6c843-efc1-49a6-a0f1-1a4af75990c2",
              "title": "ทดสอบการโหลดหน้า",
              "fullFile": "",
              "file": "",
              "beforeHooks": [],
              "afterHooks": [],
              "tests": [
                {
                  "title": "TS_SPMS_04_001 แสดงหน้าโหลดขณะกำลังดึงข้อมูลโปรเจกต์",
                  "fullTitle": "การทดสอบหน้ารายละเอียดโปรเจกต์ ทดสอบการโหลดหน้า TS_SPMS_04_001 แสดงหน้าโหลดขณะกำลังดึงข้อมูลโปรเจกต์",
                  "timedOut": null,
                  "duration": 3533,
                  "state": "passed",
                  "speed": "fast",
                  "pass": true,
                  "fail": false,
                  "pending": false,
                  "context": null,
                  "code": "// จำลองการดึงข้อมูลโปรเจกต์ที่ใช้เวลานาน\ncy.intercept(\"GET\", \"**/api/projects/*\", req => {\n  req.reply(res => {\n    // หน่วงเวลา 1 วินาที\n    res.delay = 1000;\n    res.body = mockProject;\n  });\n}).as(\"getProject\");\n// เข้าสู่หน้ารายละเอียดโปรเจกต์\ncy.visit(\"/projects/1\");\n// ตรวจสอบการแสดงสถานะการโหลด\ncy.get('[data-cy=\"project-detail-loading\"]').should(\"be.visible\");\n// รอการโหลดข้อมูลเสร็จสิ้น\ncy.wait(\"@getProject\");\n// ตรวจสอบว่าหน้าโหลดหายไปเมื่อโหลดเสร็จแล้ว\ncy.get('[data-cy=\"project-detail-loading\"]').should(\"not.exist\");",
                  "err": {},
                  "uuid": "d84b3771-3902-4b08-8b5c-0917fed83770",
                  "parentUUID": "81b6c843-efc1-49a6-a0f1-1a4af75990c2",
                  "isHook": false,
                  "skipped": false
                },
                {
                  "title": "TS_SPMS_04_002 แสดงข้อความแจ้งเตือนเมื่อเกิดข้อผิดพลาดในการโหลดข้อมูล",
                  "fullTitle": "การทดสอบหน้ารายละเอียดโปรเจกต์ ทดสอบการโหลดหน้า TS_SPMS_04_002 แสดงข้อความแจ้งเตือนเมื่อเกิดข้อผิดพลาดในการโหลดข้อมูล",
                  "timedOut": null,
                  "duration": 2255,
                  "state": "passed",
                  "speed": "fast",
                  "pass": true,
                  "fail": false,
                  "pending": false,
                  "context": null,
                  "code": "// จำลองการดึงข้อมูลโปรเจกต์ที่เกิดข้อผิดพลาด\ncy.intercept(\"GET\", \"**/api/projects/*\", {\n  statusCode: 500,\n  body: {\n    message: \"ไม่สามารถโหลดรายละเอียดโปรเจกต์ได้\"\n  }\n}).as(\"getProjectError\");\n// เข้าสู่หน้ารายละเอียดโปรเจกต์\ncy.visit(\"/projects/1\");\n// รอการโหลดข้อมูลเสร็จสิ้น\ncy.wait(\"@getProjectError\");\n// ตรวจสอบการแสดงข้อความแจ้งเตือนความผิดพลาด\ncy.get('[data-cy=\"project-detail-error\"]').should(\"be.visible\");\ncy.contains(\"เกิดข้อผิดพลาด\").should(\"be.visible\");\ncy.contains(\"ไม่สามารถโหลดรายละเอียดโปรเจกต์ได้\").should(\"be.visible\");",
                  "err": {},
                  "uuid": "6b548d81-c4ec-4cef-9006-7694170aac21",
                  "parentUUID": "81b6c843-efc1-49a6-a0f1-1a4af75990c2",
                  "isHook": false,
                  "skipped": false
                },
                {
                  "title": "TS_SPMS_04_003 แสดงข้อความเมื่อไม่พบโปรเจกต์",
                  "fullTitle": "การทดสอบหน้ารายละเอียดโปรเจกต์ ทดสอบการโหลดหน้า TS_SPMS_04_003 แสดงข้อความเมื่อไม่พบโปรเจกต์",
                  "timedOut": null,
                  "duration": 2095,
                  "state": "passed",
                  "speed": "fast",
                  "pass": true,
                  "fail": false,
                  "pending": false,
                  "context": null,
                  "code": "// จำลองการดึงข้อมูลโปรเจกต์ที่ไม่พบข้อมูล\ncy.intercept(\"GET\", \"**/api/projects/*\", {\n  statusCode: 404,\n  body: {\n    message: \"ไม่พบโปรเจกต์\"\n  }\n}).as(\"getProjectNotFound\");\n// เข้าสู่หน้ารายละเอียดโปรเจกต์\ncy.visit(\"/projects/999\");\n// รอการโหลดข้อมูลเสร็จสิ้น\ncy.wait(\"@getProjectNotFound\");\n// ตรวจสอบการแสดงข้อความแจ้งเตือนไม่พบข้อมูล\ncy.get('[data-cy=\"project-detail-error\"]').should(\"be.visible\");\ncy.contains(\"ไม่พบโปรเจกต์\").should(\"be.visible\");",
                  "err": {},
                  "uuid": "5315386b-1aad-4fdd-b9bd-ccc2259683af",
                  "parentUUID": "81b6c843-efc1-49a6-a0f1-1a4af75990c2",
                  "isHook": false,
                  "skipped": false
                }
              ],
              "suites": [],
              "passes": [
                "d84b3771-3902-4b08-8b5c-0917fed83770",
                "6b548d81-c4ec-4cef-9006-7694170aac21",
                "5315386b-1aad-4fdd-b9bd-ccc2259683af"
              ],
              "failures": [],
              "pending": [],
              "skipped": [],
              "duration": 7883,
              "root": false,
              "rootEmpty": false,
              "_timeout": 2000
            },
            {
              "uuid": "21437712-f981-456a-8d54-09c83cfc1397",
              "title": "ทดสอบการแสดงข้อมูลโปรเจกต์",
              "fullFile": "",
              "file": "",
              "beforeHooks": [],
              "afterHooks": [],
              "tests": [
                {
                  "title": "TS_SPMS_04_004 แสดงข้อมูลพื้นฐานของโปรเจกต์อย่างถูกต้อง",
                  "fullTitle": "การทดสอบหน้ารายละเอียดโปรเจกต์ ทดสอบการแสดงข้อมูลโปรเจกต์ TS_SPMS_04_004 แสดงข้อมูลพื้นฐานของโปรเจกต์อย่างถูกต้อง",
                  "timedOut": null,
                  "duration": 2145,
                  "state": "passed",
                  "speed": "fast",
                  "pass": true,
                  "fail": false,
                  "pending": false,
                  "context": null,
                  "code": "// ตรวจสอบชื่อโปรเจกต์\ncy.contains(\"โปรเจกต์ ทดสอบโปรเจกต์\").should(\"be.visible\");\n// ตรวจสอบสถานะโปรเจกต์\ncy.get('[data-cy=\"project-status\"]').should(\"contain\", \"กำลังดำเนินการ\");\n// ตรวจสอบรายละเอียดโปรเจกต์\ncy.contains(\"รายละเอียดโปรเจกต์ทดสอบ\").should(\"be.visible\");\n// ตรวจสอบข้อมูลผู้สร้าง\ncy.contains(\"สร้างโดย: Test User\").should(\"be.visible\");",
                  "err": {},
                  "uuid": "b33d223d-ee7a-4fbe-aaa0-43f60c6eb3cd",
                  "parentUUID": "21437712-f981-456a-8d54-09c83cfc1397",
                  "isHook": false,
                  "skipped": false
                },
                {
                  "title": "TS_SPMS_04_005 แสดงวันที่เริ่มต้นและสิ้นสุดโปรเจกต์อย่างถูกต้อง",
                  "fullTitle": "การทดสอบหน้ารายละเอียดโปรเจกต์ ทดสอบการแสดงข้อมูลโปรเจกต์ TS_SPMS_04_005 แสดงวันที่เริ่มต้นและสิ้นสุดโปรเจกต์อย่างถูกต้อง",
                  "timedOut": null,
                  "duration": 2276,
                  "state": "passed",
                  "speed": "fast",
                  "pass": true,
                  "fail": false,
                  "pending": false,
                  "context": null,
                  "code": "// ตรวจสอบวันที่เริ่มต้น\ncy.get('[data-cy=\"project-start-date\"]').should(\"contain\", \"01/01/2568\");\n// ตรวจสอบวันที่สิ้นสุด\ncy.get('[data-cy=\"project-end-date\"]').should(\"contain\", \"31/12/2568\");",
                  "err": {},
                  "uuid": "c83a4ed1-9931-447b-b984-3d6ac1f6d56a",
                  "parentUUID": "21437712-f981-456a-8d54-09c83cfc1397",
                  "isHook": false,
                  "skipped": false
                },
                {
                  "title": "TS_SPMS_04_006 แสดงรายการสปรินต์ของโปรเจกต์อย่างถูกต้อง",
                  "fullTitle": "การทดสอบหน้ารายละเอียดโปรเจกต์ ทดสอบการแสดงข้อมูลโปรเจกต์ TS_SPMS_04_006 แสดงรายการสปรินต์ของโปรเจกต์อย่างถูกต้อง",
                  "timedOut": null,
                  "duration": 2122,
                  "state": "passed",
                  "speed": "fast",
                  "pass": true,
                  "fail": false,
                  "pending": false,
                  "context": null,
                  "code": "// ตรวจสอบส่วนรายการสปรินต์\ncy.get('[data-cy=\"sprint-list\"]').should(\"be.visible\");\n// ตรวจสอบจำนวนสปรินต์\ncy.get('[data-cy^=\"sprint-item-\"]').should(\"have.length\", 2);\n// ตรวจสอบข้อมูลสปรินต์แรก\ncy.get('[data-cy=\"sprint-item-101\"]').should(\"contain\", \"สปรินต์ที่ 1\");\ncy.get('[data-cy=\"sprint-item-101\"]').should(\"contain\", \"01/01/2568\");\ncy.get('[data-cy=\"sprint-item-101\"]').should(\"contain\", \"14/01/2568\");\n// ตรวจสอบข้อมูลสปรินต์ที่สอง\ncy.get('[data-cy=\"sprint-item-102\"]').should(\"contain\", \"สปรินต์ที่ 2\");\ncy.get('[data-cy=\"sprint-item-102\"]').should(\"contain\", \"15/01/2568\");\ncy.get('[data-cy=\"sprint-item-102\"]').should(\"contain\", \"28/01/2568\");",
                  "err": {},
                  "uuid": "0dc419b7-479d-4c81-908d-2acb23f39548",
                  "parentUUID": "21437712-f981-456a-8d54-09c83cfc1397",
                  "isHook": false,
                  "skipped": false
                },
                {
                  "title": "TS_SPMS_04_007 แสดงข้อความเมื่อโปรเจกต์ไม่มีสปรินต์",
                  "fullTitle": "การทดสอบหน้ารายละเอียดโปรเจกต์ ทดสอบการแสดงข้อมูลโปรเจกต์ TS_SPMS_04_007 แสดงข้อความเมื่อโปรเจกต์ไม่มีสปรินต์",
                  "timedOut": null,
                  "duration": 2322,
                  "state": "passed",
                  "speed": "fast",
                  "pass": true,
                  "fail": false,
                  "pending": false,
                  "context": null,
                  "code": "// จำลองการดึงข้อมูลโปรเจกต์ที่ไม่มีสปรินต์\ncy.intercept(\"GET\", \"**/api/projects/*\", {\n  statusCode: 200,\n  body: mockProjectNoSprints\n}).as(\"getProjectNoSprints\");\n// เข้าสู่หน้ารายละเอียดโปรเจกต์\ncy.visit(\"/projects/1\");\n// รอการโหลดข้อมูลเสร็จสิ้น\ncy.wait(\"@getProjectNoSprints\");\n// ตรวจสอบการแสดงข้อความแจ้งเตือนไม่มีสปรินต์\ncy.get('[data-cy=\"no-sprints\"]').should(\"be.visible\");\ncy.contains(\"ยังไม่มีสปรินต์ในโปรเจกต์นี้\").should(\"be.visible\");",
                  "err": {},
                  "uuid": "6904d03f-0f56-4510-be55-7c2401836260",
                  "parentUUID": "21437712-f981-456a-8d54-09c83cfc1397",
                  "isHook": false,
                  "skipped": false
                },
                {
                  "title": "TS_SPMS_04_008 แสดงข้อความเมื่อโปรเจกต์ไม่มีรูปภาพ",
                  "fullTitle": "การทดสอบหน้ารายละเอียดโปรเจกต์ ทดสอบการแสดงข้อมูลโปรเจกต์ TS_SPMS_04_008 แสดงข้อความเมื่อโปรเจกต์ไม่มีรูปภาพ",
                  "timedOut": null,
                  "duration": 2379,
                  "state": "passed",
                  "speed": "fast",
                  "pass": true,
                  "fail": false,
                  "pending": false,
                  "context": null,
                  "code": "// ตรวจสอบการแสดงข้อความแจ้งเตือนไม่มีรูปภาพ\ncy.get('[data-cy=\"project-no-image\"]').should(\"be.visible\");\ncy.contains(\"ไม่มีรูปภาพ\").should(\"be.visible\");",
                  "err": {},
                  "uuid": "ee6b5d90-c42f-48de-9d83-99390b2a1e9f",
                  "parentUUID": "21437712-f981-456a-8d54-09c83cfc1397",
                  "isHook": false,
                  "skipped": false
                },
                {
                  "title": "TS_SPMS_04_009 แสดงรูปภาพโปรเจกต์เมื่อมีรูปภาพ",
                  "fullTitle": "การทดสอบหน้ารายละเอียดโปรเจกต์ ทดสอบการแสดงข้อมูลโปรเจกต์ TS_SPMS_04_009 แสดงรูปภาพโปรเจกต์เมื่อมีรูปภาพ",
                  "timedOut": null,
                  "duration": 2084,
                  "state": "passed",
                  "speed": "fast",
                  "pass": true,
                  "fail": false,
                  "pending": false,
                  "context": null,
                  "code": "// จำลองการดึงข้อมูลโปรเจกต์ที่มีรูปภาพ\nconst mockProjectWithImage = _objectSpread(_objectSpread({}, mockProject), {}, {\n  photo: \"https://example.com/project-image.jpg\"\n});\ncy.intercept(\"GET\", \"**/api/projects/*\", {\n  statusCode: 200,\n  body: mockProjectWithImage\n}).as(\"getProjectWithImage\");\n// เข้าสู่หน้ารายละเอียดโปรเจกต์\ncy.visit(\"/projects/1\");\n// รอการโหลดข้อมูลเสร็จสิ้น\ncy.wait(\"@getProjectWithImage\");\n// ตรวจสอบการแสดงรูปภาพโปรเจกต์\ncy.get('[data-cy=\"project-image\"]').should(\"be.visible\");\ncy.get('[data-cy=\"project-image\"] img').should(\"have.attr\", \"src\", \"https://example.com/project-image.jpg\");",
                  "err": {},
                  "uuid": "3e4fec2d-be2c-40a3-99ce-6c977d82edd4",
                  "parentUUID": "21437712-f981-456a-8d54-09c83cfc1397",
                  "isHook": false,
                  "skipped": false
                }
              ],
              "suites": [],
              "passes": [
                "b33d223d-ee7a-4fbe-aaa0-43f60c6eb3cd",
                "c83a4ed1-9931-447b-b984-3d6ac1f6d56a",
                "0dc419b7-479d-4c81-908d-2acb23f39548",
                "6904d03f-0f56-4510-be55-7c2401836260",
                "ee6b5d90-c42f-48de-9d83-99390b2a1e9f",
                "3e4fec2d-be2c-40a3-99ce-6c977d82edd4"
              ],
              "failures": [],
              "pending": [],
              "skipped": [],
              "duration": 13328,
              "root": false,
              "rootEmpty": false,
              "_timeout": 2000
            },
            {
              "uuid": "32c0e399-78ed-4e2e-a8e3-25f6dc848f31",
              "title": "ทดสอบการนำทาง",
              "fullFile": "",
              "file": "",
              "beforeHooks": [],
              "afterHooks": [],
              "tests": [
                {
                  "title": "TS_SPMS_04_010 นำทางกลับไปยังหน้าเลือกโปรเจกต์เมื่อคลิกปุ่มกลับ",
                  "fullTitle": "การทดสอบหน้ารายละเอียดโปรเจกต์ ทดสอบการนำทาง TS_SPMS_04_010 นำทางกลับไปยังหน้าเลือกโปรเจกต์เมื่อคลิกปุ่มกลับ",
                  "timedOut": null,
                  "duration": 2180,
                  "state": "passed",
                  "speed": "fast",
                  "pass": true,
                  "fail": false,
                  "pending": false,
                  "context": null,
                  "code": "// คลิกปุ่มกลับ\ncy.get('[data-cy=\"back-to-projects\"]').click();\n// ตรวจสอบการเปลี่ยนเส้นทาง\ncy.url().should(\"include\", \"/projects\");",
                  "err": {},
                  "uuid": "2d45fd70-0ff2-48a9-8a5d-d01d825430b3",
                  "parentUUID": "32c0e399-78ed-4e2e-a8e3-25f6dc848f31",
                  "isHook": false,
                  "skipped": false
                },
                {
                  "title": "TS_SPMS_04_011 นำทางไปยังหน้าแก้ไขโปรเจกต์เมื่อคลิกปุ่มแก้ไข",
                  "fullTitle": "การทดสอบหน้ารายละเอียดโปรเจกต์ ทดสอบการนำทาง TS_SPMS_04_011 นำทางไปยังหน้าแก้ไขโปรเจกต์เมื่อคลิกปุ่มแก้ไข",
                  "timedOut": null,
                  "duration": 2165,
                  "state": "passed",
                  "speed": "fast",
                  "pass": true,
                  "fail": false,
                  "pending": false,
                  "context": null,
                  "code": "// คลิกปุ่มแก้ไข\ncy.get('[data-cy=\"edit-project\"]').click();\n// ตรวจสอบการเปลี่ยนเส้นทาง\ncy.url().should(\"include\", \"/projects/1/edit\");",
                  "err": {},
                  "uuid": "9dfe5e51-cab8-4f14-8ff8-71ad7b6cb33d",
                  "parentUUID": "32c0e399-78ed-4e2e-a8e3-25f6dc848f31",
                  "isHook": false,
                  "skipped": false
                },
                {
                  "title": "TS_SPMS_04_012 นำทางไปยังหน้าจัดการสิทธิ์เมื่อคลิกปุ่มจัดการสิทธิ์",
                  "fullTitle": "การทดสอบหน้ารายละเอียดโปรเจกต์ ทดสอบการนำทาง TS_SPMS_04_012 นำทางไปยังหน้าจัดการสิทธิ์เมื่อคลิกปุ่มจัดการสิทธิ์",
                  "timedOut": null,
                  "duration": 2085,
                  "state": "passed",
                  "speed": "fast",
                  "pass": true,
                  "fail": false,
                  "pending": false,
                  "context": null,
                  "code": "// คลิกปุ่มจัดการสิทธิ์\ncy.get('[data-cy=\"manage-permissions\"]').click();\n// ตรวจสอบการเปลี่ยนเส้นทาง\ncy.url().should(\"include\", \"/projects/1/permissions\");",
                  "err": {},
                  "uuid": "a4c1be66-7461-4c50-b02e-d2bc78d892dd",
                  "parentUUID": "32c0e399-78ed-4e2e-a8e3-25f6dc848f31",
                  "isHook": false,
                  "skipped": false
                },
                {
                  "title": "TS_SPMS_04_013 นำทางไปยังหน้ารายละเอียดสปรินต์เมื่อคลิกที่สปรินต์",
                  "fullTitle": "การทดสอบหน้ารายละเอียดโปรเจกต์ ทดสอบการนำทาง TS_SPMS_04_013 นำทางไปยังหน้ารายละเอียดสปรินต์เมื่อคลิกที่สปรินต์",
                  "timedOut": null,
                  "duration": 2046,
                  "state": "passed",
                  "speed": "fast",
                  "pass": true,
                  "fail": false,
                  "pending": false,
                  "context": null,
                  "code": "// คลิกที่สปรินต์แรก\ncy.get('[data-cy=\"sprint-item-101\"]').click();\n// ตรวจสอบการเปลี่ยนเส้นทาง\ncy.url().should(\"include\", \"/sprints/101\");",
                  "err": {},
                  "uuid": "d56de93c-3d01-4f33-8e67-58a17c555178",
                  "parentUUID": "32c0e399-78ed-4e2e-a8e3-25f6dc848f31",
                  "isHook": false,
                  "skipped": false
                }
              ],
              "suites": [],
              "passes": [
                "2d45fd70-0ff2-48a9-8a5d-d01d825430b3",
                "9dfe5e51-cab8-4f14-8ff8-71ad7b6cb33d",
                "a4c1be66-7461-4c50-b02e-d2bc78d892dd",
                "d56de93c-3d01-4f33-8e67-58a17c555178"
              ],
              "failures": [],
              "pending": [],
              "skipped": [],
              "duration": 8476,
              "root": false,
              "rootEmpty": false,
              "_timeout": 2000
            },
            {
              "uuid": "44b307e1-1dfd-4d7d-8831-a1df4a11bd0f",
              "title": "Mobile Actions Menu",
              "fullFile": "",
              "file": "",
              "beforeHooks": [],
              "afterHooks": [],
              "tests": [
                {
                  "title": "TS_SPMS_04_014 แสดงเมนูมือถือเมื่อคลิกที่ปุ่ม",
                  "fullTitle": "การทดสอบหน้ารายละเอียดโปรเจกต์ Mobile Actions Menu TS_SPMS_04_014 แสดงเมนูมือถือเมื่อคลิกที่ปุ่ม",
                  "timedOut": null,
                  "duration": 2386,
                  "state": "passed",
                  "speed": "fast",
                  "pass": true,
                  "fail": false,
                  "pending": false,
                  "context": null,
                  "code": "// ตรวจสอบว่าปุ่มเมนูมือถือแสดงอยู่\ncy.get('[data-cy=\"mobile-actions-menu\"]').should(\"be.visible\");\n// คลิกที่ปุ่มเมนูมือถือ\ncy.get('[data-cy=\"mobile-actions-menu\"]').click();\n// ตรวจสอบว่าเมนูแสดงออกมา\ncy.get('[data-cy=\"mobile-manage-permissions\"]').should(\"be.visible\");\ncy.get('[data-cy=\"mobile-edit-project\"]').should(\"be.visible\");\ncy.get('[data-cy=\"mobile-delete-project\"]').should(\"be.visible\");",
                  "err": {},
                  "uuid": "2d0eb094-4935-4580-81be-f5766d2ee01e",
                  "parentUUID": "44b307e1-1dfd-4d7d-8831-a1df4a11bd0f",
                  "isHook": false,
                  "skipped": false
                },
                {
                  "title": "TS_SPMS_04_015 นำทางไปยังหน้าแก้ไขโปรเจกต์เมื่อเลือกจากเมนูมือถือ",
                  "fullTitle": "การทดสอบหน้ารายละเอียดโปรเจกต์ Mobile Actions Menu TS_SPMS_04_015 นำทางไปยังหน้าแก้ไขโปรเจกต์เมื่อเลือกจากเมนูมือถือ",
                  "timedOut": null,
                  "duration": 2295,
                  "state": "passed",
                  "speed": "fast",
                  "pass": true,
                  "fail": false,
                  "pending": false,
                  "context": null,
                  "code": "// คลิกที่ปุ่มเมนูมือถือ\ncy.get('[data-cy=\"mobile-actions-menu\"]').click();\n// คลิกที่ตัวเลือกแก้ไขโปรเจกต์\ncy.get('[data-cy=\"mobile-edit-project\"]').click();\n// ตรวจสอบการเปลี่ยนเส้นทาง\ncy.url().should(\"include\", \"/projects/1/edit\");",
                  "err": {},
                  "uuid": "554202f5-8a29-48ae-a1a1-576bfe648b2e",
                  "parentUUID": "44b307e1-1dfd-4d7d-8831-a1df4a11bd0f",
                  "isHook": false,
                  "skipped": false
                },
                {
                  "title": "TS_SPMS_04_016 นำทางไปยังหน้าจัดการสิทธิ์เมื่อเลือกจากเมนูมือถือ",
                  "fullTitle": "การทดสอบหน้ารายละเอียดโปรเจกต์ Mobile Actions Menu TS_SPMS_04_016 นำทางไปยังหน้าจัดการสิทธิ์เมื่อเลือกจากเมนูมือถือ",
                  "timedOut": null,
                  "duration": 2280,
                  "state": "passed",
                  "speed": "fast",
                  "pass": true,
                  "fail": false,
                  "pending": false,
                  "context": null,
                  "code": "// คลิกที่ปุ่มเมนูมือถือ\ncy.get('[data-cy=\"mobile-actions-menu\"]').click();\n// คลิกที่ตัวเลือกจัดการสิทธิ์\ncy.get('[data-cy=\"mobile-manage-permissions\"]').click();\n// ตรวจสอบการเปลี่ยนเส้นทาง\ncy.url().should(\"include\", \"/projects/1/permissions\");",
                  "err": {},
                  "uuid": "53b6fff2-8cfb-499b-a8f5-32a08e6fb6a6",
                  "parentUUID": "44b307e1-1dfd-4d7d-8831-a1df4a11bd0f",
                  "isHook": false,
                  "skipped": false
                }
              ],
              "suites": [],
              "passes": [
                "2d0eb094-4935-4580-81be-f5766d2ee01e",
                "554202f5-8a29-48ae-a1a1-576bfe648b2e",
                "53b6fff2-8cfb-499b-a8f5-32a08e6fb6a6"
              ],
              "failures": [],
              "pending": [],
              "skipped": [],
              "duration": 6961,
              "root": false,
              "rootEmpty": false,
              "_timeout": 2000
            },
            {
              "uuid": "1d45bbff-d615-4009-b685-347bea733636",
              "title": "ทดสอบการลบโปรเจกต์",
              "fullFile": "",
              "file": "",
              "beforeHooks": [],
              "afterHooks": [],
              "tests": [
                {
                  "title": "TS_SPMS_04_017 แสดงโมดัลยืนยันการลบเมื่อคลิกปุ่มลบโปรเจกต์",
                  "fullTitle": "การทดสอบหน้ารายละเอียดโปรเจกต์ ทดสอบการลบโปรเจกต์ TS_SPMS_04_017 แสดงโมดัลยืนยันการลบเมื่อคลิกปุ่มลบโปรเจกต์",
                  "timedOut": null,
                  "duration": 2321,
                  "state": "passed",
                  "speed": "fast",
                  "pass": true,
                  "fail": false,
                  "pending": false,
                  "context": null,
                  "code": "// คลิกปุ่มลบโปรเจกต์\ncy.get('[data-cy=\"delete-project\"]').click();\n// ตรวจสอบว่าโมดัลยืนยันการลบแสดงออกมา\ncy.contains(\"ยืนยันการลบโปรเจกต์\").should(\"be.visible\");\ncy.contains(\"คุณแน่ใจหรือไม่ว่าต้องการลบโปรเจกต์นี้?\").should(\"be.visible\");\ncy.get('[data-cy=\"delete-modal-cancel\"]').should(\"be.visible\");\ncy.get('[data-cy=\"delete-modal-confirm\"]').should(\"be.visible\");",
                  "err": {},
                  "uuid": "1b18b820-a20c-4bf0-bb46-fc26327355c2",
                  "parentUUID": "1d45bbff-d615-4009-b685-347bea733636",
                  "isHook": false,
                  "skipped": false
                },
                {
                  "title": "TS_SPMS_04_018 ปิดโมดัลเมื่อคลิกปุ่มยกเลิกในโมดัลยืนยันการลบ",
                  "fullTitle": "การทดสอบหน้ารายละเอียดโปรเจกต์ ทดสอบการลบโปรเจกต์ TS_SPMS_04_018 ปิดโมดัลเมื่อคลิกปุ่มยกเลิกในโมดัลยืนยันการลบ",
                  "timedOut": null,
                  "duration": 2203,
                  "state": "passed",
                  "speed": "fast",
                  "pass": true,
                  "fail": false,
                  "pending": false,
                  "context": null,
                  "code": "// คลิกปุ่มลบโปรเจกต์\ncy.get('[data-cy=\"delete-project\"]').click();\n// ตรวจสอบว่าโมดัลยืนยันการลบแสดงออกมา\ncy.contains(\"ยืนยันการลบโปรเจกต์\").should(\"be.visible\");\n// คลิกปุ่มยกเลิก\ncy.get('[data-cy=\"delete-modal-cancel\"]').click();\n// ตรวจสอบว่าโมดัลปิดไปแล้ว\ncy.contains(\"ยืนยันการลบโปรเจกต์\").should(\"not.exist\");",
                  "err": {},
                  "uuid": "79e7dc7f-1bf2-43e1-9609-a3591765a149",
                  "parentUUID": "1d45bbff-d615-4009-b685-347bea733636",
                  "isHook": false,
                  "skipped": false
                },
                {
                  "title": "TS_SPMS_04_019 ลบโปรเจกต์สำเร็จและนำทางกลับไปยังหน้าเลือกโปรเจกต์",
                  "fullTitle": "การทดสอบหน้ารายละเอียดโปรเจกต์ ทดสอบการลบโปรเจกต์ TS_SPMS_04_019 ลบโปรเจกต์สำเร็จและนำทางกลับไปยังหน้าเลือกโปรเจกต์",
                  "timedOut": null,
                  "duration": 2270,
                  "state": "passed",
                  "speed": "fast",
                  "pass": true,
                  "fail": false,
                  "pending": false,
                  "context": null,
                  "code": "// จำลองการลบโปรเจกต์สำเร็จ\ncy.intercept(\"DELETE\", \"**/api/projects/*\", {\n  statusCode: 200,\n  body: {\n    message: \"ลบโปรเจกต์สำเร็จ\"\n  }\n}).as(\"deleteProject\");\n// คลิกปุ่มลบโปรเจกต์\ncy.get('[data-cy=\"delete-project\"]').click();\n// คลิกปุ่มยืนยันการลบ\ncy.get('[data-cy=\"delete-modal-confirm\"]').click();\n// รอการลบข้อมูลเสร็จสิ้น\ncy.wait(\"@deleteProject\");\n// ตรวจสอบการเปลี่ยนเส้นทาง\ncy.url().should(\"include\", \"/projects\");",
                  "err": {},
                  "uuid": "64e83b9a-3ea9-4a4b-9700-90e320825d32",
                  "parentUUID": "1d45bbff-d615-4009-b685-347bea733636",
                  "isHook": false,
                  "skipped": false
                },
                {
                  "title": "TS_SPMS_04_020 แสดงโมดัลแจ้งเตือนเมื่อลบโปรเจกต์ที่มีสปรินต์ไม่ได้",
                  "fullTitle": "การทดสอบหน้ารายละเอียดโปรเจกต์ ทดสอบการลบโปรเจกต์ TS_SPMS_04_020 แสดงโมดัลแจ้งเตือนเมื่อลบโปรเจกต์ที่มีสปรินต์ไม่ได้",
                  "timedOut": null,
                  "duration": 2421,
                  "state": "passed",
                  "speed": "fast",
                  "pass": true,
                  "fail": false,
                  "pending": false,
                  "context": null,
                  "code": "// จำลองการลบโปรเจกต์ไม่สำเร็จเนื่องจากมีสปรินต์\ncy.intercept(\"DELETE\", \"**/api/projects/*\", {\n  statusCode: 400,\n  body: {\n    message: \"ไม่สามารถลบโปรเจกต์ที่มีสปรินต์อยู่ได้\",\n    sprint_count: 2\n  }\n}).as(\"deleteProjectError\");\n// คลิกปุ่มลบโปรเจกต์\ncy.get('[data-cy=\"delete-project\"]').click();\n// คลิกปุ่มยืนยันการลบ\ncy.get('[data-cy=\"delete-modal-confirm\"]').click();\n// รอการลบข้อมูลเสร็จสิ้น\ncy.wait(\"@deleteProjectError\");\n// ตรวจสอบการแสดงโมดัลแจ้งเตือนข้อผิดพลาด\ncy.contains(\"เกิดข้อผิดพลาด\").should(\"be.visible\");\ncy.contains(\"ไม่สามารถลบโปรเจกต์ที่มีสปรินต์อยู่ได้\").should(\"be.visible\");\ncy.get('[data-cy=\"delete-error-modal-close\"]').should(\"be.visible\");",
                  "err": {},
                  "uuid": "4aa854d1-1d47-4c03-bedf-beb2b762fa2b",
                  "parentUUID": "1d45bbff-d615-4009-b685-347bea733636",
                  "isHook": false,
                  "skipped": false
                },
                {
                  "title": "TS_SPMS_04_021 ปิดโมดัลแจ้งเตือนข้อผิดพลาดเมื่อคลิกปุ่มเข้าใจแล้ว",
                  "fullTitle": "การทดสอบหน้ารายละเอียดโปรเจกต์ ทดสอบการลบโปรเจกต์ TS_SPMS_04_021 ปิดโมดัลแจ้งเตือนข้อผิดพลาดเมื่อคลิกปุ่มเข้าใจแล้ว",
                  "timedOut": null,
                  "duration": 2399,
                  "state": "passed",
                  "speed": "fast",
                  "pass": true,
                  "fail": false,
                  "pending": false,
                  "context": null,
                  "code": "// จำลองการลบโปรเจกต์ไม่สำเร็จเนื่องจากมีสปรินต์\ncy.intercept(\"DELETE\", \"**/api/projects/*\", {\n  statusCode: 400,\n  body: {\n    message: \"ไม่สามารถลบโปรเจกต์ที่มีสปรินต์อยู่ได้\",\n    sprint_count: 2\n  }\n}).as(\"deleteProjectError\");\n// คลิกปุ่มลบโปรเจกต์\ncy.get('[data-cy=\"delete-project\"]').click();\n// คลิกปุ่มยืนยันการลบ\ncy.get('[data-cy=\"delete-modal-confirm\"]').click();\n// รอการลบข้อมูลเสร็จสิ้น\ncy.wait(\"@deleteProjectError\");\n// ตรวจสอบการแสดงโมดัลแจ้งเตือนข้อผิดพลาด\ncy.contains(\"เกิดข้อผิดพลาด\").should(\"be.visible\");\n// คลิกปุ่มเข้าใจแล้ว\ncy.get('[data-cy=\"delete-error-modal-close\"]').click();\n// ตรวจสอบว่าโมดัลปิดไปแล้ว\ncy.contains(\"เกิดข้อผิดพลาด\").should(\"not.exist\");",
                  "err": {},
                  "uuid": "dbf93fe1-26bb-4dea-8124-d351088385db",
                  "parentUUID": "1d45bbff-d615-4009-b685-347bea733636",
                  "isHook": false,
                  "skipped": false
                }
              ],
              "suites": [],
              "passes": [
                "1b18b820-a20c-4bf0-bb46-fc26327355c2",
                "79e7dc7f-1bf2-43e1-9609-a3591765a149",
                "64e83b9a-3ea9-4a4b-9700-90e320825d32",
                "4aa854d1-1d47-4c03-bedf-beb2b762fa2b",
                "dbf93fe1-26bb-4dea-8124-d351088385db"
              ],
              "failures": [],
              "pending": [],
              "skipped": [],
              "duration": 11614,
              "root": false,
              "rootEmpty": false,
              "_timeout": 2000
            }
          ],
          "passes": [],
          "failures": [],
          "pending": [],
          "skipped": [],
          "duration": 0,
          "root": false,
          "rootEmpty": false,
          "_timeout": 2000
        }
      ],
      "passes": [],
      "failures": [],
      "pending": [],
      "skipped": [],
      "duration": 0,
      "root": true,
      "rootEmpty": true,
      "_timeout": 2000
    }
  ],
  "meta": {
    "mocha": {
      "version": "7.0.1"
    },
    "mochawesome": {
      "options": {
        "quiet": false,
        "reportFilename": "[name]",
        "saveHtml": false,
        "saveJson": true,
        "consoleReporter": "spec",
        "useInlineDiffs": false,
        "code": true
      },
      "version": "7.1.3"
    },
    "marge": {
      "options": {
        "reportDir": "cypress/reports",
        "overwrite": true,
        "html": false,
        "json": true,
        "reportFilename": "[name]",
        "reportPageTitle": "Test Report",
        "charts": true,
        "embeddedScreenshots": true,
        "inlineAssets": true
      },
      "version": "6.2.0"
    }
  }
}