{
  "stats": {
    "suites": 6,
    "tests": 14,
    "passes": 14,
    "pending": 0,
    "failures": 0,
    "start": "2025-03-27T04:56:16.163Z",
    "end": "2025-03-27T04:56:51.308Z",
    "duration": 35145,
    "testsRegistered": 14,
    "passPercent": 100,
    "pendingPercent": 0,
    "other": 0,
    "hasOther": false,
    "skipped": 0,
    "hasSkipped": false
  },
  "results": [
    {
      "uuid": "248763df-8571-4267-ac7e-75b08ccf2168",
      "title": "",
      "fullFile": "cypress\\e2e\\SPMS\\spms_003.cy.js",
      "file": "cypress\\e2e\\SPMS\\spms_003.cy.js",
      "beforeHooks": [],
      "afterHooks": [],
      "tests": [],
      "suites": [
        {
          "uuid": "54212581-6bc5-4390-a67c-cf0edbf6b3b6",
          "title": "การทดสอบหน้าจัดการโปรเจกต์",
          "fullFile": "",
          "file": "",
          "beforeHooks": [],
          "afterHooks": [],
          "tests": [],
          "suites": [
            {
              "uuid": "4cbe4383-1825-49f7-9f39-b6a4b3b7b93e",
              "title": "การแสดงหน้าโปรเจกต์",
              "fullFile": "",
              "file": "",
              "beforeHooks": [],
              "afterHooks": [],
              "tests": [
                {
                  "title": "TS_SPMS_03_001 ทดสอบการแสดงหน้าโปรเจกต์เมื่อมีข้อมูล",
                  "fullTitle": "การทดสอบหน้าจัดการโปรเจกต์ การแสดงหน้าโปรเจกต์ TS_SPMS_03_001 ทดสอบการแสดงหน้าโปรเจกต์เมื่อมีข้อมูล",
                  "timedOut": null,
                  "duration": 2764,
                  "state": "passed",
                  "speed": "fast",
                  "pass": true,
                  "fail": false,
                  "pending": false,
                  "context": null,
                  "code": "// ตรวจสอบหัวข้อหน้า\ncy.get('[data-cy=\"page-title\"]').should(\"contain\", \"จัดการโปรเจกต์\");\n// ตรวจสอบการแสดงรายการโปรเจกต์\ncy.get('[data-cy=\"projects-grid\"]').should(\"be.visible\").find('[data-cy^=\"project-card-\"]').should(\"have.length\", mockProjects.length);\n// ตรวจสอบข้อมูลของโปรเจกต์แรก\ncy.get(`[data-cy=\"project-card-${mockProjects[0].project_id}\"]`).within(() => {\n  cy.get('[data-cy=\"project-name\"]').should(\"contain\", mockProjects[0].name);\n  cy.get('[data-cy=\"project-description\"]').should(\"contain\", mockProjects[0].description);\n  cy.get('[data-cy=\"project-status-badge\"]').should(\"contain\", \"กำลังดำเนินการ\");\n});\n// ตรวจสอบข้อมูลของโปรเจกต์ที่สอง\ncy.get(`[data-cy=\"project-card-${mockProjects[1].project_id}\"]`).within(() => {\n  cy.get('[data-cy=\"project-name\"]').should(\"contain\", mockProjects[1].name);\n  cy.get('[data-cy=\"project-description\"]').should(\"contain\", mockProjects[1].description);\n  cy.get('[data-cy=\"project-status-badge\"]').should(\"contain\", \"เสร็จสิ้น\");\n});",
                  "err": {},
                  "uuid": "a847fa0c-dff7-42cd-bfab-1ae485c6922c",
                  "parentUUID": "4cbe4383-1825-49f7-9f39-b6a4b3b7b93e",
                  "isHook": false,
                  "skipped": false
                },
                {
                  "title": "TS_SPMS_03_002 ทดสอบการแสดงหน้าโปรเจกต์เมื่อไม่มีข้อมูล",
                  "fullTitle": "การทดสอบหน้าจัดการโปรเจกต์ การแสดงหน้าโปรเจกต์ TS_SPMS_03_002 ทดสอบการแสดงหน้าโปรเจกต์เมื่อไม่มีข้อมูล",
                  "timedOut": null,
                  "duration": 2151,
                  "state": "passed",
                  "speed": "fast",
                  "pass": true,
                  "fail": false,
                  "pending": false,
                  "context": null,
                  "code": "// จำลองการตอบกลับจาก API เป็นรายการว่าง\ncy.intercept(\"GET\", \"**/api/projects\", {\n  statusCode: 200,\n  body: []\n}).as(\"getEmptyProjects\");\n// โหลดหน้าโปรเจกต์ใหม่\ncy.visit(\"/projects\");\ncy.wait(\"@getEmptyProjects\");\n// ตรวจสอบการแสดงข้อความเมื่อไม่มีโปรเจกต์\ncy.get('[data-cy=\"empty-projects\"]').should(\"be.visible\");\ncy.get('[data-cy=\"empty-projects\"]').should(\"contain\", \"ยังไม่มีการสร้างโปรเจกต์\");\ncy.get('[data-cy=\"create-first-project-button\"]').should(\"be.visible\");",
                  "err": {},
                  "uuid": "97de28df-29b1-49e3-8003-72b5a49abd4c",
                  "parentUUID": "4cbe4383-1825-49f7-9f39-b6a4b3b7b93e",
                  "isHook": false,
                  "skipped": false
                },
                {
                  "title": "TS_SPMS_03_003 ทดสอบการแสดงตัวโหลดระหว่างดึงข้อมูล",
                  "fullTitle": "การทดสอบหน้าจัดการโปรเจกต์ การแสดงหน้าโปรเจกต์ TS_SPMS_03_003 ทดสอบการแสดงตัวโหลดระหว่างดึงข้อมูล",
                  "timedOut": null,
                  "duration": 3064,
                  "state": "passed",
                  "speed": "fast",
                  "pass": true,
                  "fail": false,
                  "pending": false,
                  "context": null,
                  "code": "// จำลองการตอบกลับจาก API ที่ใช้เวลานาน\ncy.intercept(\"GET\", \"**/api/projects\", req => {\n  // หน่วงเวลาการตอบกลับเพื่อให้แสดงตัวโหลด\n  req.on(\"response\", res => {\n    res.setDelay(1000);\n    res.send({\n      body: mockProjects\n    });\n  });\n}).as(\"getDelayedProjects\");\n// โหลดหน้าโปรเจกต์ใหม่\ncy.visit(\"/projects\");\n// ตรวจสอบการแสดงตัวโหลด\ncy.get('[data-cy=\"loading-spinner\"]').should(\"be.visible\");\n// รอจนกว่าจะได้รับการตอบกลับและตรวจสอบว่าตัวโหลดหายไป\ncy.wait(\"@getDelayedProjects\");\ncy.get('[data-cy=\"loading-spinner\"]').should(\"not.exist\");",
                  "err": {},
                  "uuid": "621c61e2-5b64-4a7b-9db3-923c884e3149",
                  "parentUUID": "4cbe4383-1825-49f7-9f39-b6a4b3b7b93e",
                  "isHook": false,
                  "skipped": false
                },
                {
                  "title": "TS_SPMS_03_004 ทดสอบการแสดงข้อความเมื่อเกิดข้อผิดพลาด",
                  "fullTitle": "การทดสอบหน้าจัดการโปรเจกต์ การแสดงหน้าโปรเจกต์ TS_SPMS_03_004 ทดสอบการแสดงข้อความเมื่อเกิดข้อผิดพลาด",
                  "timedOut": null,
                  "duration": 2569,
                  "state": "passed",
                  "speed": "fast",
                  "pass": true,
                  "fail": false,
                  "pending": false,
                  "context": null,
                  "code": "// จำลองการตอบกลับจาก API เป็นข้อผิดพลาด\ncy.intercept(\"GET\", \"**/api/projects\", {\n  statusCode: 500,\n  body: {\n    message: \"เกิดข้อผิดพลาดในการดึงข้อมูลโปรเจกต์\"\n  }\n}).as(\"getProjectsError\");\n// โหลดหน้าโปรเจกต์ใหม่\ncy.visit(\"/projects\");\ncy.wait(\"@getProjectsError\");\n// ตรวจสอบการแสดงข้อความเตือนข้อผิดพลาด\ncy.get('[data-cy=\"error-message\"]').should(\"be.visible\");\ncy.get('[data-cy=\"error-message\"]').should(\"contain\", \"เกิดข้อผิดพลาดในการดึงข้อมูลโปรเจกต์\");",
                  "err": {},
                  "uuid": "0128c2b0-ec8a-4c73-ad81-3dd54e9fb626",
                  "parentUUID": "4cbe4383-1825-49f7-9f39-b6a4b3b7b93e",
                  "isHook": false,
                  "skipped": false
                }
              ],
              "suites": [],
              "passes": [
                "a847fa0c-dff7-42cd-bfab-1ae485c6922c",
                "97de28df-29b1-49e3-8003-72b5a49abd4c",
                "621c61e2-5b64-4a7b-9db3-923c884e3149",
                "0128c2b0-ec8a-4c73-ad81-3dd54e9fb626"
              ],
              "failures": [],
              "pending": [],
              "skipped": [],
              "duration": 10548,
              "root": false,
              "rootEmpty": false,
              "_timeout": 2000
            },
            {
              "uuid": "2b3d06b4-c078-483a-8504-d608c91c5148",
              "title": "การทำงานของปุ่มและการนำทาง",
              "fullFile": "",
              "file": "",
              "beforeHooks": [],
              "afterHooks": [],
              "tests": [
                {
                  "title": "TS_SPMS_03_005 ทดสอบการกดปุ่มสร้างโปรเจกต์ใหม่",
                  "fullTitle": "การทดสอบหน้าจัดการโปรเจกต์ การทำงานของปุ่มและการนำทาง TS_SPMS_03_005 ทดสอบการกดปุ่มสร้างโปรเจกต์ใหม่",
                  "timedOut": null,
                  "duration": 2385,
                  "state": "passed",
                  "speed": "fast",
                  "pass": true,
                  "fail": false,
                  "pending": false,
                  "context": null,
                  "code": "// ตรวจสอบการมีอยู่ของปุ่มสร้างโปรเจกต์ใหม่\ncy.get('[data-cy=\"create-project-button\"]').should(\"be.visible\");\n// กดปุ่มสร้างโปรเจกต์ใหม่\ncy.get('[data-cy=\"create-project-button\"]').click();\n// ตรวจสอบการเปลี่ยนเส้นทาง\ncy.url().should(\"include\", \"/projects/create\");",
                  "err": {},
                  "uuid": "6251fc46-a735-4397-934e-981e03babc35",
                  "parentUUID": "2b3d06b4-c078-483a-8504-d608c91c5148",
                  "isHook": false,
                  "skipped": false
                },
                {
                  "title": "TS_SPMS_03_006 ทดสอบการกดปุ่มดูรายละเอียดเพิ่มเติม",
                  "fullTitle": "การทดสอบหน้าจัดการโปรเจกต์ การทำงานของปุ่มและการนำทาง TS_SPMS_03_006 ทดสอบการกดปุ่มดูรายละเอียดเพิ่มเติม",
                  "timedOut": null,
                  "duration": 2475,
                  "state": "passed",
                  "speed": "fast",
                  "pass": true,
                  "fail": false,
                  "pending": false,
                  "context": null,
                  "code": "// จำลองการกดปุ่มดูรายละเอียดของโปรเจกต์แรก\ncy.get(`[data-cy=\"project-card-${mockProjects[0].project_id}\"]`).find('[data-cy=\"view-details-button\"]').click();\n// ตรวจสอบการเปลี่ยนเส้นทาง\ncy.url().should(\"include\", `/projects/${mockProjects[0].project_id}`);",
                  "err": {},
                  "uuid": "c347320c-21bd-4a65-81ea-91189272d2f4",
                  "parentUUID": "2b3d06b4-c078-483a-8504-d608c91c5148",
                  "isHook": false,
                  "skipped": false
                },
                {
                  "title": "TS_SPMS_03_007 ทดสอบการกดปุ่มสร้างโปรเจกต์ในกรณีไม่มีโปรเจกต์",
                  "fullTitle": "การทดสอบหน้าจัดการโปรเจกต์ การทำงานของปุ่มและการนำทาง TS_SPMS_03_007 ทดสอบการกดปุ่มสร้างโปรเจกต์ในกรณีไม่มีโปรเจกต์",
                  "timedOut": null,
                  "duration": 2292,
                  "state": "passed",
                  "speed": "fast",
                  "pass": true,
                  "fail": false,
                  "pending": false,
                  "context": null,
                  "code": "// จำลองการตอบกลับจาก API เป็นรายการว่าง\ncy.intercept(\"GET\", \"**/api/projects\", {\n  statusCode: 200,\n  body: []\n}).as(\"getEmptyProjects\");\n// โหลดหน้าโปรเจกต์ใหม่\ncy.visit(\"/projects\");\ncy.wait(\"@getEmptyProjects\");\n// กดปุ่มสร้างโปรเจกต์ในส่วนแสดงเมื่อไม่มีโปรเจกต์\ncy.get('[data-cy=\"create-first-project-button\"]').click();\n// ตรวจสอบการเปลี่ยนเส้นทาง\ncy.url().should(\"include\", \"/projects/create\");",
                  "err": {},
                  "uuid": "da3c2ac7-278e-4440-9a3e-d254d6dcfbdb",
                  "parentUUID": "2b3d06b4-c078-483a-8504-d608c91c5148",
                  "isHook": false,
                  "skipped": false
                }
              ],
              "suites": [],
              "passes": [
                "6251fc46-a735-4397-934e-981e03babc35",
                "c347320c-21bd-4a65-81ea-91189272d2f4",
                "da3c2ac7-278e-4440-9a3e-d254d6dcfbdb"
              ],
              "failures": [],
              "pending": [],
              "skipped": [],
              "duration": 7152,
              "root": false,
              "rootEmpty": false,
              "_timeout": 2000
            },
            {
              "uuid": "fe66a826-3bcc-4350-992d-74c9a66faa61",
              "title": "การแสดงสถานะโปรเจกต์",
              "fullFile": "",
              "file": "",
              "beforeHooks": [],
              "afterHooks": [],
              "tests": [
                {
                  "title": "TS_SPMS_03_008 ทดสอบการแสดงป้ายสถานะ \"กำลังดำเนินการ\" (Active)",
                  "fullTitle": "การทดสอบหน้าจัดการโปรเจกต์ การแสดงสถานะโปรเจกต์ TS_SPMS_03_008 ทดสอบการแสดงป้ายสถานะ \"กำลังดำเนินการ\" (Active)",
                  "timedOut": null,
                  "duration": 2493,
                  "state": "passed",
                  "speed": "fast",
                  "pass": true,
                  "fail": false,
                  "pending": false,
                  "context": null,
                  "code": "// จำลองโปรเจกต์ที่มีสถานะ Active\nconst activeProject = {\n  project_id: 1,\n  name: \"โปรเจกต์ที่กำลังดำเนินการ\",\n  description: \"โปรเจกต์ที่มีสถานะกำลังดำเนินการ\",\n  status: \"Active\"\n};\ncy.intercept(\"GET\", \"**/api/projects\", {\n  statusCode: 200,\n  body: [activeProject]\n}).as(\"getActiveProject\");\ncy.visit(\"/projects\");\ncy.wait(\"@getActiveProject\");\n// ตรวจสอบการแสดงป้ายสถานะ\ncy.get(`[data-cy=\"project-card-${activeProject.project_id}\"]`).find('[data-cy=\"project-status-badge\"]').should(\"contain\", \"กำลังดำเนินการ\").and(\"have.class\", \"bg-green-100\");",
                  "err": {},
                  "uuid": "c2efd15b-6f8f-4295-bb89-4c0f90321a8b",
                  "parentUUID": "fe66a826-3bcc-4350-992d-74c9a66faa61",
                  "isHook": false,
                  "skipped": false
                },
                {
                  "title": "TS_SPMS_03_009 ทดสอบการแสดงป้ายสถานะ \"เสร็จสิ้น\" (Completed)",
                  "fullTitle": "การทดสอบหน้าจัดการโปรเจกต์ การแสดงสถานะโปรเจกต์ TS_SPMS_03_009 ทดสอบการแสดงป้ายสถานะ \"เสร็จสิ้น\" (Completed)",
                  "timedOut": null,
                  "duration": 2471,
                  "state": "passed",
                  "speed": "fast",
                  "pass": true,
                  "fail": false,
                  "pending": false,
                  "context": null,
                  "code": "// จำลองโปรเจกต์ที่มีสถานะ Completed\nconst completedProject = {\n  project_id: 2,\n  name: \"โปรเจกต์ที่เสร็จสิ้น\",\n  description: \"โปรเจกต์ที่มีสถานะเสร็จสิ้น\",\n  status: \"Completed\"\n};\ncy.intercept(\"GET\", \"**/api/projects\", {\n  statusCode: 200,\n  body: [completedProject]\n}).as(\"getCompletedProject\");\ncy.visit(\"/projects\");\ncy.wait(\"@getCompletedProject\");\n// ตรวจสอบการแสดงป้ายสถานะ\ncy.get(`[data-cy=\"project-card-${completedProject.project_id}\"]`).find('[data-cy=\"project-status-badge\"]').should(\"contain\", \"เสร็จสิ้น\").and(\"have.class\", \"bg-blue-500\");",
                  "err": {},
                  "uuid": "fec51c3b-be1d-4a51-a942-ff1b511e58e6",
                  "parentUUID": "fe66a826-3bcc-4350-992d-74c9a66faa61",
                  "isHook": false,
                  "skipped": false
                },
                {
                  "title": "TS_SPMS_03_010 ทดสอบการแสดงป้ายสถานะ \"ระงับชั่วคราว\" (On Hold)",
                  "fullTitle": "การทดสอบหน้าจัดการโปรเจกต์ การแสดงสถานะโปรเจกต์ TS_SPMS_03_010 ทดสอบการแสดงป้ายสถานะ \"ระงับชั่วคราว\" (On Hold)",
                  "timedOut": null,
                  "duration": 2265,
                  "state": "passed",
                  "speed": "fast",
                  "pass": true,
                  "fail": false,
                  "pending": false,
                  "context": null,
                  "code": "// จำลองโปรเจกต์ที่มีสถานะ On Hold\nconst onHoldProject = {\n  project_id: 3,\n  name: \"โปรเจกต์ที่ถูกระงับชั่วคราว\",\n  description: \"โปรเจกต์ที่มีสถานะระงับชั่วคราว\",\n  status: \"On Hold\"\n};\ncy.intercept(\"GET\", \"**/api/projects\", {\n  statusCode: 200,\n  body: [onHoldProject]\n}).as(\"getOnHoldProject\");\ncy.visit(\"/projects\");\ncy.wait(\"@getOnHoldProject\");\n// ตรวจสอบการแสดงป้ายสถานะ\ncy.get(`[data-cy=\"project-card-${onHoldProject.project_id}\"]`).find('[data-cy=\"project-status-badge\"]').should(\"contain\", \"ระงับชั่วคราว\").and(\"have.class\", \"bg-gray-100\");",
                  "err": {},
                  "uuid": "629e512a-72e4-4d8d-92a9-d1ea4307f3d6",
                  "parentUUID": "fe66a826-3bcc-4350-992d-74c9a66faa61",
                  "isHook": false,
                  "skipped": false
                }
              ],
              "suites": [],
              "passes": [
                "c2efd15b-6f8f-4295-bb89-4c0f90321a8b",
                "fec51c3b-be1d-4a51-a942-ff1b511e58e6",
                "629e512a-72e4-4d8d-92a9-d1ea4307f3d6"
              ],
              "failures": [],
              "pending": [],
              "skipped": [],
              "duration": 7229,
              "root": false,
              "rootEmpty": false,
              "_timeout": 2000
            },
            {
              "uuid": "7bcb7a8e-b752-4886-8216-dfb63799d82b",
              "title": "การแสดงผลบนขนาดหน้าจอต่างๆ",
              "fullFile": "",
              "file": "",
              "beforeHooks": [],
              "afterHooks": [],
              "tests": [
                {
                  "title": "TS_SPMS_03_011 ทดสอบการแสดงผลบนอุปกรณ์มือถือ",
                  "fullTitle": "การทดสอบหน้าจัดการโปรเจกต์ การแสดงผลบนขนาดหน้าจอต่างๆ TS_SPMS_03_011 ทดสอบการแสดงผลบนอุปกรณ์มือถือ",
                  "timedOut": null,
                  "duration": 2229,
                  "state": "passed",
                  "speed": "fast",
                  "pass": true,
                  "fail": false,
                  "pending": false,
                  "context": null,
                  "code": "// กำหนดขนาดหน้าจอให้เป็นขนาดมือถือ\ncy.viewport(\"iphone-x\");\n// ตรวจสอบการแสดงผลของหน้าโปรเจกต์\ncy.get('[data-cy=\"page-title\"]').should(\"be.visible\");\ncy.get('[data-cy=\"create-project-button\"]').should(\"be.visible\");",
                  "err": {},
                  "uuid": "09d74e0f-861d-4ec7-afb7-4d7323a8b9f7",
                  "parentUUID": "7bcb7a8e-b752-4886-8216-dfb63799d82b",
                  "isHook": false,
                  "skipped": false
                },
                {
                  "title": "TS_SPMS_03_012 ทดสอบการแสดงผลบนแท็บเล็ต",
                  "fullTitle": "การทดสอบหน้าจัดการโปรเจกต์ การแสดงผลบนขนาดหน้าจอต่างๆ TS_SPMS_03_012 ทดสอบการแสดงผลบนแท็บเล็ต",
                  "timedOut": null,
                  "duration": 2710,
                  "state": "passed",
                  "speed": "fast",
                  "pass": true,
                  "fail": false,
                  "pending": false,
                  "context": null,
                  "code": "// กำหนดขนาดหน้าจอให้เป็นขนาดแท็บเล็ต\ncy.viewport(\"ipad-2\");\n// ตรวจสอบการแสดงผลของหน้าโปรเจกต์\ncy.get('[data-cy=\"page-title\"]').should(\"be.visible\");\ncy.get('[data-cy=\"create-project-button\"]').should(\"be.visible\");",
                  "err": {},
                  "uuid": "808d7a90-9234-46dd-8c0f-2221e220dfa6",
                  "parentUUID": "7bcb7a8e-b752-4886-8216-dfb63799d82b",
                  "isHook": false,
                  "skipped": false
                }
              ],
              "suites": [],
              "passes": [
                "09d74e0f-861d-4ec7-afb7-4d7323a8b9f7",
                "808d7a90-9234-46dd-8c0f-2221e220dfa6"
              ],
              "failures": [],
              "pending": [],
              "skipped": [],
              "duration": 4939,
              "root": false,
              "rootEmpty": false,
              "_timeout": 2000
            },
            {
              "uuid": "d13001ce-7afc-401d-9b6b-3cb11f4514e5",
              "title": "การรักษาความปลอดภัยและการจัดการเซสชัน",
              "fullFile": "",
              "file": "",
              "beforeHooks": [],
              "afterHooks": [],
              "tests": [
                {
                  "title": "TS_SPMS_03_013 ทดสอบการเข้าถึงหน้าโปรเจกต์โดยไม่ได้เข้าสู่ระบบ",
                  "fullTitle": "การทดสอบหน้าจัดการโปรเจกต์ การรักษาความปลอดภัยและการจัดการเซสชัน TS_SPMS_03_013 ทดสอบการเข้าถึงหน้าโปรเจกต์โดยไม่ได้เข้าสู่ระบบ",
                  "timedOut": null,
                  "duration": 2236,
                  "state": "passed",
                  "speed": "fast",
                  "pass": true,
                  "fail": false,
                  "pending": false,
                  "context": null,
                  "code": "// ออกจากระบบ\ncy.clearCookies();\ncy.clearLocalStorage();\n// พยายามเข้าถึงหน้าโปรเจกต์โดยตรง\ncy.visit(\"/projects\", {\n  failOnStatusCode: false\n});\n// ตรวจสอบว่าถูกเปลี่ยนเส้นทางไปยังหน้าเข้าสู่ระบบ\ncy.url().should(\"include\", \"/login\");",
                  "err": {},
                  "uuid": "a98fdc03-4eb7-4319-9338-ef2868c78626",
                  "parentUUID": "d13001ce-7afc-401d-9b6b-3cb11f4514e5",
                  "isHook": false,
                  "skipped": false
                },
                {
                  "title": "TS_SPMS_03_014 ทดสอบการแสดงข้อผิดพลาดเมื่อ Token หมดอายุ",
                  "fullTitle": "การทดสอบหน้าจัดการโปรเจกต์ การรักษาความปลอดภัยและการจัดการเซสชัน TS_SPMS_03_014 ทดสอบการแสดงข้อผิดพลาดเมื่อ Token หมดอายุ",
                  "timedOut": null,
                  "duration": 2500,
                  "state": "passed",
                  "speed": "fast",
                  "pass": true,
                  "fail": false,
                  "pending": false,
                  "context": null,
                  "code": "// จำลองการตอบกลับจาก API ว่า Token หมดอายุ\ncy.intercept(\"GET\", \"**/api/projects\", {\n  statusCode: 401,\n  body: {\n    message: \"Token หมดอายุหรือไม่ถูกต้อง\"\n  }\n}).as(\"getTokenError\");\n// เข้าถึงหน้าโปรเจกต์\ncy.visit(\"/projects\");\ncy.wait(\"@getTokenError\");\n// แสดงข้อความผิดพลาด\ncy.get('[data-cy=\"error-message\"]').should('contain', 'Token หมดอายุหรือไม่ถูกต้อง');\n// ตรวจสอบการเปลี่ยนเส้นทางไปยังหน้าเข้าสู่ระบบหรือการแสดงข้อความข้อผิดพลาด\n// cy.url().should(\"include\", \"/login\");\n// หรือในกรณีที่มีการแสดงข้อผิดพลาด\n// cy.get('[data-cy=\"error-message\"]').should('contain', 'Token หมดอายุหรือไม่ถูกต้อง');",
                  "err": {},
                  "uuid": "8b28d0f0-b6cc-41de-8672-92419f30d38d",
                  "parentUUID": "d13001ce-7afc-401d-9b6b-3cb11f4514e5",
                  "isHook": false,
                  "skipped": false
                }
              ],
              "suites": [],
              "passes": [
                "a98fdc03-4eb7-4319-9338-ef2868c78626",
                "8b28d0f0-b6cc-41de-8672-92419f30d38d"
              ],
              "failures": [],
              "pending": [],
              "skipped": [],
              "duration": 4736,
              "root": false,
              "rootEmpty": false,
              "_timeout": 2000
            }
          ],
          "passes": [],
          "failures": [],
          "pending": [],
          "skipped": [],
          "duration": 0,
          "root": false,
          "rootEmpty": false,
          "_timeout": 2000
        }
      ],
      "passes": [],
      "failures": [],
      "pending": [],
      "skipped": [],
      "duration": 0,
      "root": true,
      "rootEmpty": true,
      "_timeout": 2000
    }
  ],
  "meta": {
    "mocha": {
      "version": "7.0.1"
    },
    "mochawesome": {
      "options": {
        "quiet": false,
        "reportFilename": "[name]",
        "saveHtml": false,
        "saveJson": true,
        "consoleReporter": "spec",
        "useInlineDiffs": false,
        "code": true
      },
      "version": "7.1.3"
    },
    "marge": {
      "options": {
        "reportDir": "cypress/reports",
        "overwrite": true,
        "html": false,
        "json": true,
        "reportFilename": "[name]",
        "reportPageTitle": "Test Report",
        "charts": true,
        "embeddedScreenshots": true,
        "inlineAssets": true
      },
      "version": "6.2.0"
    }
  }
}