{
  "stats": {
    "suites": 8,
    "tests": 14,
    "passes": 14,
    "pending": 0,
    "failures": 0,
    "start": "2025-03-27T04:58:21.375Z",
    "end": "2025-03-27T04:59:00.939Z",
    "duration": 39564,
    "testsRegistered": 14,
    "passPercent": 100,
    "pendingPercent": 0,
    "other": 0,
    "hasOther": false,
    "skipped": 0,
    "hasSkipped": false
  },
  "results": [
    {
      "uuid": "f3f0fe54-165b-4b9e-bd51-eb62f3b47bbc",
      "title": "",
      "fullFile": "cypress\\e2e\\SPMS\\spms_006.cy.js",
      "file": "cypress\\e2e\\SPMS\\spms_006.cy.js",
      "beforeHooks": [],
      "afterHooks": [],
      "tests": [],
      "suites": [
        {
          "uuid": "78c58c98-f227-4f93-9dac-29e79e821e14",
          "title": "หน้าจัดการสปรินต์",
          "fullFile": "",
          "file": "",
          "beforeHooks": [],
          "afterHooks": [],
          "tests": [],
          "suites": [
            {
              "uuid": "63603350-9eac-42e0-816a-311fb41b66ed",
              "title": "การโหลดหน้าและการแสดงผล",
              "fullFile": "",
              "file": "",
              "beforeHooks": [],
              "afterHooks": [],
              "tests": [
                {
                  "title": "TS_SPMS_06_001 ทดสอบการแสดงหน้าสปรินต์เบื้องต้น",
                  "fullTitle": "หน้าจัดการสปรินต์ การโหลดหน้าและการแสดงผล TS_SPMS_06_001 ทดสอบการแสดงหน้าสปรินต์เบื้องต้น",
                  "timedOut": null,
                  "duration": 2452,
                  "state": "passed",
                  "speed": "fast",
                  "pass": true,
                  "fail": false,
                  "pending": false,
                  "context": null,
                  "code": "// ตรวจสอบองค์ประกอบพื้นฐานของหน้า\ncy.get('[data-cy=\"sprints-page\"]').should(\"be.visible\");\ncy.contains(\"การจัดสปรินต์\").should(\"be.visible\");\ncy.get('[data-cy=\"project-selection-section\"]').should(\"be.visible\");",
                  "err": {},
                  "uuid": "7909a13c-4303-40ba-a7af-c9fef8e89003",
                  "parentUUID": "63603350-9eac-42e0-816a-311fb41b66ed",
                  "isHook": false,
                  "skipped": false
                },
                {
                  "title": "TS_SPMS_06_002 ทดสอบการแสดงรายการโปรเจกต์ทั้งหมด",
                  "fullTitle": "หน้าจัดการสปรินต์ การโหลดหน้าและการแสดงผล TS_SPMS_06_002 ทดสอบการแสดงรายการโปรเจกต์ทั้งหมด",
                  "timedOut": null,
                  "duration": 2445,
                  "state": "passed",
                  "speed": "fast",
                  "pass": true,
                  "fail": false,
                  "pending": false,
                  "context": null,
                  "code": "// ตรวจสอบแต่ละโปรเจกต์ในรายการ\nmockProjects.forEach(project => {\n  cy.get(`[data-cy=\"project-card-${project.project_id}\"]`).should(\"be.visible\");\n  cy.get(`[data-cy=\"project-card-${project.project_id}\"]`).contains(project.name);\n});",
                  "err": {},
                  "uuid": "e146a9e8-e209-43e3-b94d-d32b2a53749b",
                  "parentUUID": "63603350-9eac-42e0-816a-311fb41b66ed",
                  "isHook": false,
                  "skipped": false
                }
              ],
              "suites": [],
              "passes": [
                "7909a13c-4303-40ba-a7af-c9fef8e89003",
                "e146a9e8-e209-43e3-b94d-d32b2a53749b"
              ],
              "failures": [],
              "pending": [],
              "skipped": [],
              "duration": 4897,
              "root": false,
              "rootEmpty": false,
              "_timeout": 2000
            },
            {
              "uuid": "7ea3aeca-6dd9-402f-b4e7-61e32f867037",
              "title": "การเลือกโปรเจกต์",
              "fullFile": "",
              "file": "",
              "beforeHooks": [],
              "afterHooks": [],
              "tests": [
                {
                  "title": "TS_SPMS_06_003 ทดสอบการเลือกโปรเจกต์และแสดงสปรินต์",
                  "fullTitle": "หน้าจัดการสปรินต์ การเลือกโปรเจกต์ TS_SPMS_06_003 ทดสอบการเลือกโปรเจกต์และแสดงสปรินต์",
                  "timedOut": null,
                  "duration": 2480,
                  "state": "passed",
                  "speed": "fast",
                  "pass": true,
                  "fail": false,
                  "pending": false,
                  "context": null,
                  "code": "// เลือกโปรเจกต์แรก\ncy.get(`[data-cy=\"project-card-1\"]`).click();\ncy.wait(\"@getProjectSprints\");\n// ตรวจสอบว่าโปรเจกต์ถูกเลือก (ตรวจสอบโดยการมีคลาสที่แตกต่าง)\ncy.get(`[data-cy=\"project-card-1\"]`).should(\"have.class\", \"border-blue-500\");\n// ตรวจสอบการแสดงส่วนข้อมูลสปรินต์\ncy.get('[data-cy=\"sprints-section\"]').should(\"be.visible\");\ncy.contains(`สปรินต์ในโปรเจกต์ ${mockProjects[0].name}`).should(\"be.visible\");\n// ตรวจสอบการแสดงสปรินต์ทั้งหมด\ncy.get('[data-cy=\"sprints-grid\"]').should(\"be.visible\");\nmockSprints.forEach(sprint => {\n  cy.get(`[data-cy=\"sprint-card-${sprint.sprint_id}\"]`).should(\"be.visible\");\n  cy.get(`[data-cy=\"sprint-card-${sprint.sprint_id}\"]`).contains(sprint.name);\n});",
                  "err": {},
                  "uuid": "49c0255a-1d63-40a9-b791-8d586c2db4a5",
                  "parentUUID": "7ea3aeca-6dd9-402f-b4e7-61e32f867037",
                  "isHook": false,
                  "skipped": false
                },
                {
                  "title": "TS_SPMS_06_004 ทดสอบการยกเลิกการเลือกโปรเจกต์",
                  "fullTitle": "หน้าจัดการสปรินต์ การเลือกโปรเจกต์ TS_SPMS_06_004 ทดสอบการยกเลิกการเลือกโปรเจกต์",
                  "timedOut": null,
                  "duration": 2397,
                  "state": "passed",
                  "speed": "fast",
                  "pass": true,
                  "fail": false,
                  "pending": false,
                  "context": null,
                  "code": "// เลือกโปรเจกต์แรก\ncy.get(`[data-cy=\"project-card-1\"]`).click();\ncy.wait(\"@getProjectSprints\");\n// ตรวจสอบว่าโปรเจกต์ถูกเลือก\ncy.get(`[data-cy=\"project-card-1\"]`).should(\"have.class\", \"border-blue-500\");\ncy.get('[data-cy=\"sprints-section\"]').should(\"be.visible\");\n// คลิกที่โปรเจกต์เดิมอีกครั้งเพื่อยกเลิกการเลือก\ncy.get(`[data-cy=\"project-card-1\"]`).click();\n// ตรวจสอบว่าได้ยกเลิกการเลือกโปรเจกต์\ncy.get(`[data-cy=\"project-card-1\"]`).should(\"not.have.class\", \"border-blue-500\");\ncy.get('[data-cy=\"sprints-section\"]').should(\"not.exist\");",
                  "err": {},
                  "uuid": "b41d7ae6-8899-49d3-96db-deae8648ec30",
                  "parentUUID": "7ea3aeca-6dd9-402f-b4e7-61e32f867037",
                  "isHook": false,
                  "skipped": false
                },
                {
                  "title": "TS_SPMS_06_005 ทดสอบการเปลี่ยนโปรเจกต์ที่เลือก",
                  "fullTitle": "หน้าจัดการสปรินต์ การเลือกโปรเจกต์ TS_SPMS_06_005 ทดสอบการเปลี่ยนโปรเจกต์ที่เลือก",
                  "timedOut": null,
                  "duration": 2573,
                  "state": "passed",
                  "speed": "fast",
                  "pass": true,
                  "fail": false,
                  "pending": false,
                  "context": null,
                  "code": "// เลือกโปรเจกต์แรก\ncy.get(`[data-cy=\"project-card-1\"]`).click();\ncy.wait(\"@getProjectSprints\");\n// ตรวจสอบว่าโปรเจกต์ถูกเลือก\ncy.get(`[data-cy=\"project-card-1\"]`).should(\"have.class\", \"border-blue-500\");\n// เลือกโปรเจกต์ที่สอง\ncy.get(`[data-cy=\"project-card-2\"]`).click();\ncy.wait(\"@getEmptySprints\");\n// ตรวจสอบว่าโปรเจกต์ที่สองถูกเลือกแทน\ncy.get(`[data-cy=\"project-card-1\"]`).should(\"not.have.class\", \"border-blue-500\");\ncy.get(`[data-cy=\"project-card-2\"]`).should(\"have.class\", \"border-blue-500\");\ncy.contains(`สปรินต์ในโปรเจกต์ ${mockProjects[1].name}`).should(\"be.visible\");",
                  "err": {},
                  "uuid": "30766fdf-07e3-4371-aab8-277627d05cf6",
                  "parentUUID": "7ea3aeca-6dd9-402f-b4e7-61e32f867037",
                  "isHook": false,
                  "skipped": false
                }
              ],
              "suites": [],
              "passes": [
                "49c0255a-1d63-40a9-b791-8d586c2db4a5",
                "b41d7ae6-8899-49d3-96db-deae8648ec30",
                "30766fdf-07e3-4371-aab8-277627d05cf6"
              ],
              "failures": [],
              "pending": [],
              "skipped": [],
              "duration": 7450,
              "root": false,
              "rootEmpty": false,
              "_timeout": 2000
            },
            {
              "uuid": "e3bdb7a9-f263-45de-b443-fd787161ee9d",
              "title": "การแสดงสปรินต์",
              "fullFile": "",
              "file": "",
              "beforeHooks": [],
              "afterHooks": [],
              "tests": [
                {
                  "title": "TS_SPMS_06_006 ทดสอบการแสดงสปรินต์เมื่อมีข้อมูล",
                  "fullTitle": "หน้าจัดการสปรินต์ การแสดงสปรินต์ TS_SPMS_06_006 ทดสอบการแสดงสปรินต์เมื่อมีข้อมูล",
                  "timedOut": null,
                  "duration": 2494,
                  "state": "passed",
                  "speed": "fast",
                  "pass": true,
                  "fail": false,
                  "pending": false,
                  "context": null,
                  "code": "// เลือกโปรเจกต์ที่มีสปรินต์\ncy.get(`[data-cy=\"project-card-1\"]`).click();\ncy.wait(\"@getProjectSprints\");\n// ตรวจสอบจำนวนสปรินต์ที่แสดง\ncy.get('[data-cy=\"sprints-grid\"] > div').should(\"have.length\", mockSprints.length);\n// ตรวจสอบข้อมูลของแต่ละสปรินต์\nmockSprints.forEach(sprint => {\n  // ตรวจสอบชื่อสปรินต์\n  cy.get(`[data-cy=\"sprint-card-${sprint.sprint_id}\"]`).contains(sprint.name);\n  // ตรวจสอบช่วงวันที่\n  const startDate = new Date(sprint.start_date).toLocaleDateString(\"th-TH\", {\n    day: \"2-digit\",\n    month: \"2-digit\",\n    year: \"numeric\"\n  });\n  const endDate = new Date(sprint.end_date).toLocaleDateString(\"th-TH\", {\n    day: \"2-digit\",\n    month: \"2-digit\",\n    year: \"numeric\"\n  });\n  cy.get(`[data-cy=\"sprint-date-range-${sprint.sprint_id}\"]`).should(\"contain\", startDate);\n  cy.get(`[data-cy=\"sprint-date-range-${sprint.sprint_id}\"]`).should(\"contain\", endDate);\n  // ตรวจสอบปุ่ม \"ดูรายละเอียดเพิ่มเติม\"\n  cy.get(`[data-cy=\"view-sprint-details-${sprint.sprint_id}\"]`).should(\"be.visible\");\n});",
                  "err": {},
                  "uuid": "5c3611a4-93d0-4ed5-95ea-ca32ec9e334b",
                  "parentUUID": "e3bdb7a9-f263-45de-b443-fd787161ee9d",
                  "isHook": false,
                  "skipped": false
                },
                {
                  "title": "TS_SPMS_06_007 ทดสอบการแสดงข้อความเมื่อไม่มีสปรินต์",
                  "fullTitle": "หน้าจัดการสปรินต์ การแสดงสปรินต์ TS_SPMS_06_007 ทดสอบการแสดงข้อความเมื่อไม่มีสปรินต์",
                  "timedOut": null,
                  "duration": 2209,
                  "state": "passed",
                  "speed": "fast",
                  "pass": true,
                  "fail": false,
                  "pending": false,
                  "context": null,
                  "code": "// เลือกโปรเจกต์ที่ไม่มีสปรินต์\ncy.get(`[data-cy=\"project-card-2\"]`).click();\ncy.wait(\"@getEmptySprints\");\n// ตรวจสอบการแสดงข้อความเมื่อไม่มีสปรินต์\ncy.get('[data-cy=\"no-sprints-message\"]').should(\"be.visible\");\ncy.contains(\"ยังไม่มีสปรินต์ในโปรเจกต์นี้\").should(\"be.visible\");\ncy.get('[data-cy=\"create-first-sprint-button\"]').should(\"be.visible\");",
                  "err": {},
                  "uuid": "62589454-2ce4-4160-a5ab-a26a90eacf2f",
                  "parentUUID": "e3bdb7a9-f263-45de-b443-fd787161ee9d",
                  "isHook": false,
                  "skipped": false
                }
              ],
              "suites": [],
              "passes": [
                "5c3611a4-93d0-4ed5-95ea-ca32ec9e334b",
                "62589454-2ce4-4160-a5ab-a26a90eacf2f"
              ],
              "failures": [],
              "pending": [],
              "skipped": [],
              "duration": 4703,
              "root": false,
              "rootEmpty": false,
              "_timeout": 2000
            },
            {
              "uuid": "a30278bf-d231-4baa-a816-34df92406eda",
              "title": "การนำทาง",
              "fullFile": "",
              "file": "",
              "beforeHooks": [],
              "afterHooks": [],
              "tests": [
                {
                  "title": "TS_SPMS_06_008 ทดสอบการนำทางไปยังหน้าสร้างสปรินต์",
                  "fullTitle": "หน้าจัดการสปรินต์ การนำทาง TS_SPMS_06_008 ทดสอบการนำทางไปยังหน้าสร้างสปรินต์",
                  "timedOut": null,
                  "duration": 2563,
                  "state": "passed",
                  "speed": "fast",
                  "pass": true,
                  "fail": false,
                  "pending": false,
                  "context": null,
                  "code": "// จำลองการนำทาง\ncy.intercept(\"GET\", \"**/sprints/create/**\", {}).as(\"navigateToCreateSprint\");\n// เลือกโปรเจกต์\ncy.get(`[data-cy=\"project-card-1\"]`).click();\ncy.wait(\"@getProjectSprints\");\n// คลิกปุ่มสร้างสปรินต์\ncy.get('[data-cy=\"create-sprint-button\"]').click();\n// ตรวจสอบการนำทาง\ncy.url().should(\"include\", `/sprints/create/${mockProjects[0].project_id}`);",
                  "err": {},
                  "uuid": "28d02506-b27c-4d66-babe-7846c417cf56",
                  "parentUUID": "a30278bf-d231-4baa-a816-34df92406eda",
                  "isHook": false,
                  "skipped": false
                },
                {
                  "title": "TS_SPMS_06_009 ทดสอบการนำทางไปยังหน้าสร้างสปรินต์เมื่อยังไม่มีสปรินต์",
                  "fullTitle": "หน้าจัดการสปรินต์ การนำทาง TS_SPMS_06_009 ทดสอบการนำทางไปยังหน้าสร้างสปรินต์เมื่อยังไม่มีสปรินต์",
                  "timedOut": null,
                  "duration": 2425,
                  "state": "passed",
                  "speed": "fast",
                  "pass": true,
                  "fail": false,
                  "pending": false,
                  "context": null,
                  "code": "// จำลองการนำทาง\ncy.intercept(\"GET\", \"**/sprints/create/**\", {}).as(\"navigateToCreateSprint\");\n// เลือกโปรเจกต์ที่ไม่มีสปรินต์\ncy.get(`[data-cy=\"project-card-2\"]`).click();\ncy.wait(\"@getEmptySprints\");\n// คลิกปุ่มสร้างสปรินต์แรก\ncy.get('[data-cy=\"create-first-sprint-button\"]').click();\n// ตรวจสอบการนำทาง\ncy.url().should(\"include\", `/sprints/create/${mockProjects[1].project_id}`);",
                  "err": {},
                  "uuid": "1c222960-75a7-4c68-8373-e278e6631c8f",
                  "parentUUID": "a30278bf-d231-4baa-a816-34df92406eda",
                  "isHook": false,
                  "skipped": false
                },
                {
                  "title": "TS_SPMS_06_010 ทดสอบการนำทางไปยังหน้ารายละเอียดสปรินต์",
                  "fullTitle": "หน้าจัดการสปรินต์ การนำทาง TS_SPMS_06_010 ทดสอบการนำทางไปยังหน้ารายละเอียดสปรินต์",
                  "timedOut": null,
                  "duration": 2266,
                  "state": "passed",
                  "speed": "fast",
                  "pass": true,
                  "fail": false,
                  "pending": false,
                  "context": null,
                  "code": "// จำลองการนำทาง\ncy.intercept(\"GET\", \"**/sprints/**\", {}).as(\"navigateToSprintDetails\");\n// เลือกโปรเจกต์ที่มีสปรินต์\ncy.get(`[data-cy=\"project-card-1\"]`).click();\ncy.wait(\"@getProjectSprints\");\n// คลิกปุ่มดูรายละเอียดของสปรินต์แรก\ncy.get(`[data-cy=\"view-sprint-details-1\"]`).click();\n// ตรวจสอบการนำทาง\ncy.url().should(\"include\", `/sprints/1`);",
                  "err": {},
                  "uuid": "e31e2f83-0d57-4b87-ad7a-fde203ff5ee8",
                  "parentUUID": "a30278bf-d231-4baa-a816-34df92406eda",
                  "isHook": false,
                  "skipped": false
                }
              ],
              "suites": [],
              "passes": [
                "28d02506-b27c-4d66-babe-7846c417cf56",
                "1c222960-75a7-4c68-8373-e278e6631c8f",
                "e31e2f83-0d57-4b87-ad7a-fde203ff5ee8"
              ],
              "failures": [],
              "pending": [],
              "skipped": [],
              "duration": 7254,
              "root": false,
              "rootEmpty": false,
              "_timeout": 2000
            },
            {
              "uuid": "9f88ec56-f557-4f8f-85d5-2c02487549fc",
              "title": "กรณีข้อผิดพลาด",
              "fullFile": "",
              "file": "",
              "beforeHooks": [],
              "afterHooks": [],
              "tests": [
                {
                  "title": "TS_SPMS_06_011 ทดสอบกรณีการดึงข้อมูลโปรเจกต์ล้มเหลว",
                  "fullTitle": "หน้าจัดการสปรินต์ กรณีข้อผิดพลาด TS_SPMS_06_011 ทดสอบกรณีการดึงข้อมูลโปรเจกต์ล้มเหลว",
                  "timedOut": null,
                  "duration": 4725,
                  "state": "passed",
                  "speed": "fast",
                  "pass": true,
                  "fail": false,
                  "pending": false,
                  "context": null,
                  "code": "// เริ่มต้นการทดสอบใหม่เพื่อจำลองกรณีข้อผิดพลาด\ncy.visit(\"/login\");\ncy.get('[data-cy=\"login-email\"]').type(testUser.email);\ncy.get('[data-cy=\"login-password\"]').type(testUser.password);\n// จำลองการเรียก API ล้มเหลว\ncy.intercept(\"GET\", \"**/api/projects\", {\n  statusCode: 500,\n  body: {\n    message: \"Failed to fetch projects\"\n  }\n}).as(\"getProjectsError\");\ncy.get('[data-cy=\"login-submit\"]').click();\ncy.url().should(\"include\", \"/mainpage\");\n// นำทางไปยังหน้า Sprints\ncy.visit(\"/sprints\");\ncy.wait(\"@getProjectsError\");\n// ตรวจสอบการแสดงข้อความผิดพลาด\ncy.get(\".bg-red-50\").should(\"be.visible\");\ncy.contains(\"Failed to fetch projects\").should(\"be.visible\");",
                  "err": {},
                  "uuid": "8b3c2f8b-7b1b-4069-a238-20c63b308668",
                  "parentUUID": "9f88ec56-f557-4f8f-85d5-2c02487549fc",
                  "isHook": false,
                  "skipped": false
                },
                {
                  "title": "TS_SPMS_06_012 ทดสอบกรณีการดึงข้อมูลสปรินต์ล้มเหลว",
                  "fullTitle": "หน้าจัดการสปรินต์ กรณีข้อผิดพลาด TS_SPMS_06_012 ทดสอบกรณีการดึงข้อมูลสปรินต์ล้มเหลว",
                  "timedOut": null,
                  "duration": 2209,
                  "state": "passed",
                  "speed": "fast",
                  "pass": true,
                  "fail": false,
                  "pending": false,
                  "context": null,
                  "code": "// จำลองการเรียก API ล้มเหลวสำหรับการดึงข้อมูลสปรินต์\ncy.intercept(\"GET\", \"**/api/sprints?project_id=1\", {\n  statusCode: 500,\n  body: {\n    message: \"Failed to fetch sprints\"\n  }\n}).as(\"getSprintsError\");\n// เลือกโปรเจกต์\ncy.get(`[data-cy=\"project-card-1\"]`).click();\ncy.wait(\"@getSprintsError\");\n// ตรวจสอบการแสดงข้อความผิดพลาด\ncy.get(\".bg-red-50\").should(\"be.visible\");\ncy.contains(\"Failed to fetch sprints\").should(\"be.visible\");",
                  "err": {},
                  "uuid": "09868f6e-4bbc-4ed1-b12a-9dab09faf2b6",
                  "parentUUID": "9f88ec56-f557-4f8f-85d5-2c02487549fc",
                  "isHook": false,
                  "skipped": false
                }
              ],
              "suites": [],
              "passes": [
                "8b3c2f8b-7b1b-4069-a238-20c63b308668",
                "09868f6e-4bbc-4ed1-b12a-9dab09faf2b6"
              ],
              "failures": [],
              "pending": [],
              "skipped": [],
              "duration": 6934,
              "root": false,
              "rootEmpty": false,
              "_timeout": 2000
            },
            {
              "uuid": "37d7b953-cdc1-4772-958c-96b05f1b8de2",
              "title": "ความสมบูรณ์ของหน้า",
              "fullFile": "",
              "file": "",
              "beforeHooks": [],
              "afterHooks": [],
              "tests": [
                {
                  "title": "TS_SPMS_06_013 ทดสอบกรณีไม่มีโปรเจกต์",
                  "fullTitle": "หน้าจัดการสปรินต์ ความสมบูรณ์ของหน้า TS_SPMS_06_013 ทดสอบกรณีไม่มีโปรเจกต์",
                  "timedOut": null,
                  "duration": 4525,
                  "state": "passed",
                  "speed": "fast",
                  "pass": true,
                  "fail": false,
                  "pending": false,
                  "context": null,
                  "code": "// เริ่มต้นการทดสอบใหม่เพื่อจำลองกรณีไม่มีโปรเจกต์\ncy.visit(\"/login\");\ncy.get('[data-cy=\"login-email\"]').type(testUser.email);\ncy.get('[data-cy=\"login-password\"]').type(testUser.password);\n// จำลองการเรียก API ส่งรายการว่าง\ncy.intercept(\"GET\", \"**/api/projects\", {\n  statusCode: 200,\n  body: []\n}).as(\"getEmptyProjects\");\ncy.get('[data-cy=\"login-submit\"]').click();\ncy.url().should(\"include\", \"/mainpage\");\n// นำทางไปยังหน้า Sprints\ncy.visit(\"/sprints\");\ncy.wait(\"@getEmptyProjects\");\n// ตรวจสอบการแสดงข้อความเมื่อไม่มีโปรเจกต์\ncy.get('[data-cy=\"project-notfound-1\"]').should(\"be.visible\");\ncy.contains(\"ไม่พบโปรเจกต์\").should(\"be.visible\");\ncy.get('[data-cy=\"project-notfound-2\"]').should(\"be.visible\");",
                  "err": {},
                  "uuid": "3a455cb2-ef0f-480c-ae26-45ba1991f88d",
                  "parentUUID": "37d7b953-cdc1-4772-958c-96b05f1b8de2",
                  "isHook": false,
                  "skipped": false
                }
              ],
              "suites": [],
              "passes": [
                "3a455cb2-ef0f-480c-ae26-45ba1991f88d"
              ],
              "failures": [],
              "pending": [],
              "skipped": [],
              "duration": 4525,
              "root": false,
              "rootEmpty": false,
              "_timeout": 2000
            },
            {
              "uuid": "9d6d9e79-4efe-47f8-9e3f-95a0ea7673a7",
              "title": "การโหลดข้อมูล",
              "fullFile": "",
              "file": "",
              "beforeHooks": [],
              "afterHooks": [],
              "tests": [
                {
                  "title": "TS_SPMS_06_014 ทดสอบการแสดงสถานะโหลดข้อมูล",
                  "fullTitle": "หน้าจัดการสปรินต์ การโหลดข้อมูล TS_SPMS_06_014 ทดสอบการแสดงสถานะโหลดข้อมูล",
                  "timedOut": null,
                  "duration": 3202,
                  "state": "passed",
                  "speed": "fast",
                  "pass": true,
                  "fail": false,
                  "pending": false,
                  "context": null,
                  "code": "// จำลองการเรียก API ที่ใช้เวลานาน\ncy.intercept(\"GET\", \"**/api/sprints?project_id=1\", req => {\n  // หน่วงเวลาการตอบกลับ 1 วินาที\n  req.reply(res => {\n    res.delay = 1000;\n    res.body = mockSprints;\n    return res;\n  });\n}).as(\"getSlowSprints\");\n// เลือกโปรเจกต์\ncy.get(`[data-cy=\"project-card-1\"]`).click();\n// ตรวจสอบว่าแสดงสถานะกำลังโหลด\ncy.get('[data-cy=\"sprints-loading\"]').should(\"be.visible\");\ncy.contains(\"กำลังโหลดสปรินต์...\").should(\"be.visible\");\n// รอการโหลดเสร็จสิ้น\ncy.wait(\"@getSlowSprints\");\n// ตรวจสอบว่าสถานะโหลดหายไป\ncy.get('[data-cy=\"sprints-loading\"]').should(\"not.exist\");\ncy.get('[data-cy=\"sprints-grid\"]').should(\"be.visible\");",
                  "err": {},
                  "uuid": "d2cacdcc-274f-4951-94bb-1c8d141d78ec",
                  "parentUUID": "9d6d9e79-4efe-47f8-9e3f-95a0ea7673a7",
                  "isHook": false,
                  "skipped": false
                }
              ],
              "suites": [],
              "passes": [
                "d2cacdcc-274f-4951-94bb-1c8d141d78ec"
              ],
              "failures": [],
              "pending": [],
              "skipped": [],
              "duration": 3202,
              "root": false,
              "rootEmpty": false,
              "_timeout": 2000
            }
          ],
          "passes": [],
          "failures": [],
          "pending": [],
          "skipped": [],
          "duration": 0,
          "root": false,
          "rootEmpty": false,
          "_timeout": 2000
        }
      ],
      "passes": [],
      "failures": [],
      "pending": [],
      "skipped": [],
      "duration": 0,
      "root": true,
      "rootEmpty": true,
      "_timeout": 2000
    }
  ],
  "meta": {
    "mocha": {
      "version": "7.0.1"
    },
    "mochawesome": {
      "options": {
        "quiet": false,
        "reportFilename": "[name]",
        "saveHtml": false,
        "saveJson": true,
        "consoleReporter": "spec",
        "useInlineDiffs": false,
        "code": true
      },
      "version": "7.1.3"
    },
    "marge": {
      "options": {
        "reportDir": "cypress/reports",
        "overwrite": true,
        "html": false,
        "json": true,
        "reportFilename": "[name]",
        "reportPageTitle": "Test Report",
        "charts": true,
        "embeddedScreenshots": true,
        "inlineAssets": true
      },
      "version": "6.2.0"
    }
  }
}