{
  "stats": {
    "suites": 1,
    "tests": 8,
    "passes": 8,
    "pending": 0,
    "failures": 0,
    "start": "2025-03-27T14:43:49.818Z",
    "end": "2025-03-27T14:43:53.284Z",
    "duration": 3466,
    "testsRegistered": 8,
    "passPercent": 100,
    "pendingPercent": 0,
    "other": 0,
    "hasOther": false,
    "skipped": 0,
    "hasSkipped": false
  },
  "results": [
    {
      "uuid": "dc7cb087-f1ef-4e16-bc80-fa3382854f10",
      "title": "",
      "fullFile": "cypress\\e2e\\ARSP\\arsp_002.cy.js",
      "file": "cypress\\e2e\\ARSP\\arsp_002.cy.js",
      "beforeHooks": [],
      "afterHooks": [],
      "tests": [],
      "suites": [
        {
          "uuid": "c8a23cfa-83fe-4a90-9f94-fd0bd5971461",
          "title": "การทดสอบรูปแบบการคำนวณ",
          "fullFile": "",
          "file": "",
          "beforeHooks": [],
          "afterHooks": [],
          "tests": [
            {
              "title": "TS_ARSP_02_001 ทดสอบการเลือกรูปแบบการคำนวณเริ่มต้นเป็นรูปแบบของบริษัท",
              "fullTitle": "การทดสอบรูปแบบการคำนวณ TS_ARSP_02_001 ทดสอบการเลือกรูปแบบการคำนวณเริ่มต้นเป็นรูปแบบของบริษัท",
              "timedOut": null,
              "duration": 347,
              "state": "passed",
              "speed": "fast",
              "pass": true,
              "fail": false,
              "pending": false,
              "context": null,
              "code": "cy.get('[data-cy=\"company-rate-radio\"]').should(\"be.checked\");\ncy.get('[data-cy=\"custom-rate-radio\"]').should(\"not.be.checked\");",
              "err": {},
              "uuid": "bc15d149-761b-4ae2-81e9-d1be834f35b6",
              "parentUUID": "c8a23cfa-83fe-4a90-9f94-fd0bd5971461",
              "isHook": false,
              "skipped": false
            },
            {
              "title": "TS_ARSP_02_002 ทดสอบการเปลี่ยนรูปแบบการคำนวณเป็นกำหนดเอง",
              "fullTitle": "การทดสอบรูปแบบการคำนวณ TS_ARSP_02_002 ทดสอบการเปลี่ยนรูปแบบการคำนวณเป็นกำหนดเอง",
              "timedOut": null,
              "duration": 223,
              "state": "passed",
              "speed": "fast",
              "pass": true,
              "fail": false,
              "pending": false,
              "context": null,
              "code": "cy.get('[data-cy=\"custom-rate-radio\"]').check();\ncy.get('[data-cy=\"custom-rate-radio\"]').should(\"be.checked\");\ncy.get('[data-cy=\"company-rate-radio\"]').should(\"not.be.checked\");",
              "err": {},
              "uuid": "5d3d4b46-abec-4713-881c-0539cf33d3d1",
              "parentUUID": "c8a23cfa-83fe-4a90-9f94-fd0bd5971461",
              "isHook": false,
              "skipped": false
            },
            {
              "title": "TS_ARSP_02_003 ทดสอบการปิดการใช้งานส่วนของบริษัทเมื่อเลือกรูปแบบกำหนดเอง",
              "fullTitle": "การทดสอบรูปแบบการคำนวณ TS_ARSP_02_003 ทดสอบการปิดการใช้งานส่วนของบริษัทเมื่อเลือกรูปแบบกำหนดเอง",
              "timedOut": null,
              "duration": 196,
              "state": "passed",
              "speed": "fast",
              "pass": true,
              "fail": false,
              "pending": false,
              "context": null,
              "code": "cy.get('[data-cy=\"custom-rate-radio\"]').check();\n// ตรวจสอบว่าส่วนของบริษัทถูกทำให้เป็น opacity ต่ำ\ncy.get('[data-cy=\"company-rates-section\"]').should(\"have.class\", \"opacity-50\");\n// ตรวจสอบปุ่มเลือกทั้งหมดในส่วนของบริษัท\ncy.get('[data-cy=\"customer-level-select\"]').should(\"be.disabled\");\ncy.get('[data-cy=\"product-type-select\"]').should(\"be.disabled\");\ncy.get('[data-cy=\"shipping-method-select\"]').should(\"be.disabled\");",
              "err": {},
              "uuid": "fd9c3532-3e48-4bca-be84-d74cf05a8fb3",
              "parentUUID": "c8a23cfa-83fe-4a90-9f94-fd0bd5971461",
              "isHook": false,
              "skipped": false
            },
            {
              "title": "TS_ARSP_02_004 ทดสอบการปิดการใช้งานส่วนกำหนดเองเมื่อเลือกรูปแบบของบริษัท",
              "fullTitle": "การทดสอบรูปแบบการคำนวณ TS_ARSP_02_004 ทดสอบการปิดการใช้งานส่วนกำหนดเองเมื่อเลือกรูปแบบของบริษัท",
              "timedOut": null,
              "duration": 108,
              "state": "passed",
              "speed": "fast",
              "pass": true,
              "fail": false,
              "pending": false,
              "context": null,
              "code": "cy.get('[data-cy=\"company-rate-radio\"]').check();\n// ตรวจสอบว่าส่วนกำหนดเองถูกทำให้เป็น opacity ต่ำ\ncy.get('[data-cy=\"custom-rates-section\"]').should(\"have.class\", \"opacity-50\");\n// ตรวจสอบช่องกรอกทั้งหมดในส่วนกำหนดเอง\ncy.get('[data-cy=\"custom-rate-per-kg\"]').should(\"be.disabled\");\ncy.get('[data-cy=\"custom-rate-per-cbm\"]').should(\"be.disabled\");",
              "err": {},
              "uuid": "912c388b-8df9-405e-8362-4afd0a3c9851",
              "parentUUID": "c8a23cfa-83fe-4a90-9f94-fd0bd5971461",
              "isHook": false,
              "skipped": false
            },
            {
              "title": "TS_ARSP_02_005 ทดสอบการกรอกอัตราค่าขนส่งแบบกำหนดเอง",
              "fullTitle": "การทดสอบรูปแบบการคำนวณ TS_ARSP_02_005 ทดสอบการกรอกอัตราค่าขนส่งแบบกำหนดเอง",
              "timedOut": null,
              "duration": 599,
              "state": "passed",
              "speed": "fast",
              "pass": true,
              "fail": false,
              "pending": false,
              "context": null,
              "code": "cy.get('[data-cy=\"custom-rate-radio\"]').check();\ncy.get('[data-cy=\"custom-rate-per-kg\"]').type(\"50\");\ncy.get('[data-cy=\"custom-rate-per-cbm\"]').type(\"6000\");\ncy.get('[data-cy=\"custom-rate-per-kg\"]').should(\"have.value\", \"50\");\ncy.get('[data-cy=\"custom-rate-per-cbm\"]').should(\"have.value\", \"6000\");",
              "err": {},
              "uuid": "33bf7874-3c9b-41d4-932e-7fd03b4b63ec",
              "parentUUID": "c8a23cfa-83fe-4a90-9f94-fd0bd5971461",
              "isHook": false,
              "skipped": false
            },
            {
              "title": "TS_ARSP_02_006 ทดสอบความผิดพลาดเมื่อไม่กรอกอัตราค่าขนส่งในรูปแบบกำหนดเอง",
              "fullTitle": "การทดสอบรูปแบบการคำนวณ TS_ARSP_02_006 ทดสอบความผิดพลาดเมื่อไม่กรอกอัตราค่าขนส่งในรูปแบบกำหนดเอง",
              "timedOut": null,
              "duration": 968,
              "state": "passed",
              "speed": "fast",
              "pass": true,
              "fail": false,
              "pending": false,
              "context": null,
              "code": "cy.get('[data-cy=\"custom-rate-radio\"]').check();\ncy.get('[data-cy=\"width-input\"]').type(\"50\");\ncy.get('[data-cy=\"length-input\"]').type(\"60\");\ncy.get('[data-cy=\"height-input\"]').type(\"40\");\ncy.get('[data-cy=\"weight-input\"]').type(\"15\");\ncy.get('[data-cy=\"calculate-button\"]').click();\ncy.contains(\"กรุณากรอกอัตราค่าขนส่งให้ครบถ้วน\").should(\"be.visible\");",
              "err": {},
              "uuid": "32725a4e-e19e-4145-8563-3642439a7fd7",
              "parentUUID": "c8a23cfa-83fe-4a90-9f94-fd0bd5971461",
              "isHook": false,
              "skipped": false
            },
            {
              "title": "TS_ARSP_02_007 ทดสอบการล้างข้อมูลด้วยปุ่มล้างข้อมูลในรูปแบบกำหนดเอง",
              "fullTitle": "การทดสอบรูปแบบการคำนวณ TS_ARSP_02_007 ทดสอบการล้างข้อมูลด้วยปุ่มล้างข้อมูลในรูปแบบกำหนดเอง",
              "timedOut": null,
              "duration": 647,
              "state": "passed",
              "speed": "fast",
              "pass": true,
              "fail": false,
              "pending": false,
              "context": null,
              "code": "cy.get('[data-cy=\"custom-rate-radio\"]').check();\ncy.get('[data-cy=\"custom-rate-per-kg\"]').type(\"50\");\ncy.get('[data-cy=\"custom-rate-per-cbm\"]').type(\"6000\");\ncy.get('[data-cy=\"clear-button\"]').click();\ncy.get('[data-cy=\"custom-rate-per-kg\"]').should(\"have.value\", \"\");\ncy.get('[data-cy=\"custom-rate-per-cbm\"]').should(\"have.value\", \"\");",
              "err": {},
              "uuid": "2dd18f8f-fa50-4ece-b784-87cea48200fc",
              "parentUUID": "c8a23cfa-83fe-4a90-9f94-fd0bd5971461",
              "isHook": false,
              "skipped": false
            },
            {
              "title": "TS_ARSP_02_008 ทดสอบการแสดงส่วนคำนวณด้วยเรทที่กำหนดเองเมื่อเลือกรูปแบบกำหนดเอง",
              "fullTitle": "การทดสอบรูปแบบการคำนวณ TS_ARSP_02_008 ทดสอบการแสดงส่วนคำนวณด้วยเรทที่กำหนดเองเมื่อเลือกรูปแบบกำหนดเอง",
              "timedOut": null,
              "duration": 215,
              "state": "passed",
              "speed": "fast",
              "pass": true,
              "fail": false,
              "pending": false,
              "context": null,
              "code": "cy.get('[data-cy=\"custom-rate-radio\"]').check();\ncy.contains(\"ข้อมูลการคำนวณด้วยเรทที่กำหนดเอง\").should(\"be.visible\");\ncy.get('[data-cy=\"custom-rates-section\"]').should(\"not.have.class\", \"opacity-50\");",
              "err": {},
              "uuid": "a4b603ad-0916-48b9-840e-c9a6196a7a58",
              "parentUUID": "c8a23cfa-83fe-4a90-9f94-fd0bd5971461",
              "isHook": false,
              "skipped": false
            }
          ],
          "suites": [],
          "passes": [
            "bc15d149-761b-4ae2-81e9-d1be834f35b6",
            "5d3d4b46-abec-4713-881c-0539cf33d3d1",
            "fd9c3532-3e48-4bca-be84-d74cf05a8fb3",
            "912c388b-8df9-405e-8362-4afd0a3c9851",
            "33bf7874-3c9b-41d4-932e-7fd03b4b63ec",
            "32725a4e-e19e-4145-8563-3642439a7fd7",
            "2dd18f8f-fa50-4ece-b784-87cea48200fc",
            "a4b603ad-0916-48b9-840e-c9a6196a7a58"
          ],
          "failures": [],
          "pending": [],
          "skipped": [],
          "duration": 3303,
          "root": false,
          "rootEmpty": false,
          "_timeout": 2000
        }
      ],
      "passes": [],
      "failures": [],
      "pending": [],
      "skipped": [],
      "duration": 0,
      "root": true,
      "rootEmpty": true,
      "_timeout": 2000
    }
  ],
  "meta": {
    "mocha": {
      "version": "7.0.1"
    },
    "mochawesome": {
      "options": {
        "quiet": false,
        "reportFilename": "[name]",
        "saveHtml": false,
        "saveJson": true,
        "consoleReporter": "spec",
        "useInlineDiffs": false,
        "code": true
      },
      "version": "7.1.3"
    },
    "marge": {
      "options": {
        "reportDir": "cypress/reports",
        "overwrite": true,
        "html": false,
        "json": true,
        "reportFilename": "[name]",
        "reportPageTitle": "Test Report",
        "charts": true,
        "embeddedScreenshots": true,
        "inlineAssets": true
      },
      "version": "6.2.0"
    }
  }
}