{
  "stats": {
    "suites": 1,
    "tests": 8,
    "passes": 8,
    "pending": 0,
    "failures": 0,
    "start": "2025-03-27T14:43:54.727Z",
    "end": "2025-03-27T14:44:01.821Z",
    "duration": 7094,
    "testsRegistered": 8,
    "passPercent": 100,
    "pendingPercent": 0,
    "other": 0,
    "hasOther": false,
    "skipped": 0,
    "hasSkipped": false
  },
  "results": [
    {
      "uuid": "9baf4ba5-d389-417c-9070-d591a8b51e01",
      "title": "",
      "fullFile": "cypress\\e2e\\ARSP\\arsp_003.cy.js",
      "file": "cypress\\e2e\\ARSP\\arsp_003.cy.js",
      "beforeHooks": [],
      "afterHooks": [],
      "tests": [],
      "suites": [
        {
          "uuid": "259f5976-1ab5-4814-b3e5-29b918591143",
          "title": "การทดสอบการคำนวณด้วยอัตราของบริษัท",
          "fullFile": "",
          "file": "",
          "beforeHooks": [],
          "afterHooks": [],
          "tests": [
            {
              "title": "TS_ARSP_03_001 ทดสอบการเลือกระดับของลูกค้า",
              "fullTitle": "การทดสอบการคำนวณด้วยอัตราของบริษัท TS_ARSP_03_001 ทดสอบการเลือกระดับของลูกค้า",
              "timedOut": null,
              "duration": 582,
              "state": "passed",
              "speed": "fast",
              "pass": true,
              "fail": false,
              "pending": false,
              "context": null,
              "code": "cy.get('[data-cy=\"customer-level-select\"]').select(\"Diamond Rabbit\");\ncy.get('[data-cy=\"customer-level-select\"]').should(\"have.value\", \"Diamond Rabbit\");",
              "err": {},
              "uuid": "5fc1d1d7-d42b-4f8e-86ea-f5164adbc63f",
              "parentUUID": "259f5976-1ab5-4814-b3e5-29b918591143",
              "isHook": false,
              "skipped": false
            },
            {
              "title": "TS_ARSP_03_002 ทดสอบการเลือกประเภทสินค้า",
              "fullTitle": "การทดสอบการคำนวณด้วยอัตราของบริษัท TS_ARSP_03_002 ทดสอบการเลือกประเภทสินค้า",
              "timedOut": null,
              "duration": 274,
              "state": "passed",
              "speed": "fast",
              "pass": true,
              "fail": false,
              "pending": false,
              "context": null,
              "code": "cy.get('[data-cy=\"product-type-select\"]').select(\"สินค้าประเภทที่ 1,2\");\ncy.get('[data-cy=\"product-type-select\"]').should(\"have.value\", \"สินค้าประเภทที่ 1,2\");",
              "err": {},
              "uuid": "c7077af8-c1c6-4078-a2b0-7fe4b4554da0",
              "parentUUID": "259f5976-1ab5-4814-b3e5-29b918591143",
              "isHook": false,
              "skipped": false
            },
            {
              "title": "TS_ARSP_03_003 ทดสอบการเลือกวิธีการขนส่ง",
              "fullTitle": "การทดสอบการคำนวณด้วยอัตราของบริษัท TS_ARSP_03_003 ทดสอบการเลือกวิธีการขนส่ง",
              "timedOut": null,
              "duration": 276,
              "state": "passed",
              "speed": "fast",
              "pass": true,
              "fail": false,
              "pending": false,
              "context": null,
              "code": "cy.get('[data-cy=\"shipping-method-select\"]').select(\"ทางรถ\");\ncy.get('[data-cy=\"shipping-method-select\"]').should(\"have.value\", \"ทางรถ\");",
              "err": {},
              "uuid": "44cdcc74-3752-4268-ac38-4e9ec2ee37dd",
              "parentUUID": "259f5976-1ab5-4814-b3e5-29b918591143",
              "isHook": false,
              "skipped": false
            },
            {
              "title": "TS_ARSP_03_004 ทดสอบการคำนวณจากน้ำหนักที่มากกว่าน้ำหนักตามปริมาตร",
              "fullTitle": "การทดสอบการคำนวณด้วยอัตราของบริษัท TS_ARSP_03_004 ทดสอบการคำนวณจากน้ำหนักที่มากกว่าน้ำหนักตามปริมาตร",
              "timedOut": null,
              "duration": 922,
              "state": "passed",
              "speed": "fast",
              "pass": true,
              "fail": false,
              "pending": false,
              "context": null,
              "code": "cy.get('[data-cy=\"width-input\"]').type(\"10\");\ncy.get('[data-cy=\"length-input\"]').type(\"10\");\ncy.get('[data-cy=\"height-input\"]').type(\"10\");\ncy.get('[data-cy=\"weight-input\"]').type(\"5\");\ncy.get('[data-cy=\"company-rate-radio\"]').check();\ncy.get('[data-cy=\"calculate-button\"]').click();\n// น้ำหนักตามปริมาตร = (10*10*10)/5000 = 0.2 กก. น้อยกว่าน้ำหนักจริง 5 กก.\ncy.get('[data-cy=\"calculation-result\"]').should(\"be.visible\");\ncy.contains(\"วิธีการคิดราคา:\").parent().contains(\"คำนวณจากน้ำหนัก\").should(\"be.visible\");",
              "err": {},
              "uuid": "d4a42757-8f63-42d1-bb91-5522b127a560",
              "parentUUID": "259f5976-1ab5-4814-b3e5-29b918591143",
              "isHook": false,
              "skipped": false
            },
            {
              "title": "TS_ARSP_03_005 ทดสอบการคำนวณจากปริมาตรที่มากกว่าน้ำหนัก",
              "fullTitle": "การทดสอบการคำนวณด้วยอัตราของบริษัท TS_ARSP_03_005 ทดสอบการคำนวณจากปริมาตรที่มากกว่าน้ำหนัก",
              "timedOut": null,
              "duration": 925,
              "state": "passed",
              "speed": "fast",
              "pass": true,
              "fail": false,
              "pending": false,
              "context": null,
              "code": "cy.get('[data-cy=\"width-input\"]').type(\"100\");\ncy.get('[data-cy=\"length-input\"]').type(\"100\");\ncy.get('[data-cy=\"height-input\"]').type(\"100\");\ncy.get('[data-cy=\"weight-input\"]').type(\"1\");\ncy.get('[data-cy=\"company-rate-radio\"]').check();\ncy.get('[data-cy=\"calculate-button\"]').click();\n// น้ำหนักตามปริมาตร = (100*100*100)/5000 = 200 กก. มากกว่าน้ำหนักจริง 1 กก.\ncy.get('[data-cy=\"calculation-result\"]').should(\"be.visible\");\ncy.contains(\"วิธีการคิดราคา:\").parent().contains(\"คำนวณจากปริมาตร\").should(\"be.visible\");",
              "err": {},
              "uuid": "47dad4c1-e444-4c39-9d21-8405236fa2ec",
              "parentUUID": "259f5976-1ab5-4814-b3e5-29b918591143",
              "isHook": false,
              "skipped": false
            },
            {
              "title": "TS_ARSP_03_006 ทดสอบการแสดงผลลัพธ์การคำนวณที่ถูกต้องสำหรับลูกค้า Silver Rabbit",
              "fullTitle": "การทดสอบการคำนวณด้วยอัตราของบริษัท TS_ARSP_03_006 ทดสอบการแสดงผลลัพธ์การคำนวณที่ถูกต้องสำหรับลูกค้า Silver Rabbit",
              "timedOut": null,
              "duration": 1288,
              "state": "passed",
              "speed": "fast",
              "pass": true,
              "fail": false,
              "pending": false,
              "context": null,
              "code": "cy.get('[data-cy=\"width-input\"]').type(\"50\");\ncy.get('[data-cy=\"length-input\"]').type(\"50\");\ncy.get('[data-cy=\"height-input\"]').type(\"50\");\ncy.get('[data-cy=\"weight-input\"]').type(\"30\");\ncy.get('[data-cy=\"customer-level-select\"]').select(\"Silver Rabbit\");\ncy.get('[data-cy=\"product-type-select\"]').select(\"สินค้าทั่วไป\");\ncy.get('[data-cy=\"shipping-method-select\"]').select(\"ทางเรือ\");\ncy.get('[data-cy=\"calculate-button\"]').click();\n// อัตรา Silver Rabbit + ทางเรือ + สินค้าทั่วไป = 45 บาท/กก.\n// น้ำหนักจริง 30 กก. * 45 = 1,350 บาท\ncy.get('[data-cy=\"shipping-cost\"]').contains(\"1,350.00 บาท\").should(\"be.visible\");",
              "err": {},
              "uuid": "6642e465-3ed4-4204-ba45-0c5409183c53",
              "parentUUID": "259f5976-1ab5-4814-b3e5-29b918591143",
              "isHook": false,
              "skipped": false
            },
            {
              "title": "TS_ARSP_03_007 ทดสอบการแสดงผลลัพธ์การคำนวณสำหรับลูกค้า Diamond Rabbit",
              "fullTitle": "การทดสอบการคำนวณด้วยอัตราของบริษัท TS_ARSP_03_007 ทดสอบการแสดงผลลัพธ์การคำนวณสำหรับลูกค้า Diamond Rabbit",
              "timedOut": null,
              "duration": 1302,
              "state": "passed",
              "speed": "fast",
              "pass": true,
              "fail": false,
              "pending": false,
              "context": null,
              "code": "cy.get('[data-cy=\"width-input\"]').type(\"100\");\ncy.get('[data-cy=\"length-input\"]').type(\"100\");\ncy.get('[data-cy=\"height-input\"]').type(\"50\");\ncy.get('[data-cy=\"weight-input\"]').type(\"5\");\ncy.get('[data-cy=\"customer-level-select\"]').select(\"Diamond Rabbit\");\ncy.get('[data-cy=\"product-type-select\"]').select(\"สินค้าทั่วไป\");\ncy.get('[data-cy=\"shipping-method-select\"]').select(\"ทางเรือ\");\ncy.get('[data-cy=\"calculate-button\"]').click();\n// น้ำหนักตามปริมาตร = (100*100*50)/5000 = 100 กก. มากกว่าน้ำหนักจริง 5 กก.\n// ปริมาตร = (100*100*50)/1000000 = 0.5 คิว\n// อัตรา Diamond Rabbit + ทางเรือ + สินค้าทั่วไป = 4,900 บาท/คิว\n// ค่าขนส่ง = 0.5 * 4,900 = 2,450 บาท\ncy.get('[data-cy=\"shipping-cost\"]').contains(\"2,450.00 บาท\").should(\"be.visible\");",
              "err": {},
              "uuid": "982f66ac-34e2-48b7-a43b-a10bc9eb8718",
              "parentUUID": "259f5976-1ab5-4814-b3e5-29b918591143",
              "isHook": false,
              "skipped": false
            },
            {
              "title": "TS_ARSP_03_008 ทดสอบการแสดงค่าขนส่งสำหรับสินค้าพิเศษ",
              "fullTitle": "การทดสอบการคำนวณด้วยอัตราของบริษัท TS_ARSP_03_008 ทดสอบการแสดงค่าขนส่งสำหรับสินค้าพิเศษ",
              "timedOut": null,
              "duration": 1342,
              "state": "passed",
              "speed": "fast",
              "pass": true,
              "fail": false,
              "pending": false,
              "context": null,
              "code": "cy.get('[data-cy=\"width-input\"]').type(\"50\");\ncy.get('[data-cy=\"length-input\"]').type(\"50\");\ncy.get('[data-cy=\"height-input\"]').type(\"40\");\ncy.get('[data-cy=\"weight-input\"]').type(\"15\");\ncy.get('[data-cy=\"customer-level-select\"]').select(\"Star Rabbit\");\ncy.get('[data-cy=\"product-type-select\"]').select(\"สินค้าพิเศษ\");\ncy.get('[data-cy=\"shipping-method-select\"]').select(\"ทางรถ\");\ncy.get('[data-cy=\"calculate-button\"]').click();\n// อัตรา Star Rabbit + ทางรถ + สินค้าพิเศษ = 100 บาท/กก.\n// น้ำหนักจริง 15 กก. * 100 = 1,500 บาท\ncy.get('[data-cy=\"shipping-cost\"]').contains(\"1,000.00 บาท\").should(\"be.visible\");",
              "err": {},
              "uuid": "7c805736-6052-4d69-8ac9-a3b329af7f6d",
              "parentUUID": "259f5976-1ab5-4814-b3e5-29b918591143",
              "isHook": false,
              "skipped": false
            }
          ],
          "suites": [],
          "passes": [
            "5fc1d1d7-d42b-4f8e-86ea-f5164adbc63f",
            "c7077af8-c1c6-4078-a2b0-7fe4b4554da0",
            "44cdcc74-3752-4268-ac38-4e9ec2ee37dd",
            "d4a42757-8f63-42d1-bb91-5522b127a560",
            "47dad4c1-e444-4c39-9d21-8405236fa2ec",
            "6642e465-3ed4-4204-ba45-0c5409183c53",
            "982f66ac-34e2-48b7-a43b-a10bc9eb8718",
            "7c805736-6052-4d69-8ac9-a3b329af7f6d"
          ],
          "failures": [],
          "pending": [],
          "skipped": [],
          "duration": 6911,
          "root": false,
          "rootEmpty": false,
          "_timeout": 2000
        }
      ],
      "passes": [],
      "failures": [],
      "pending": [],
      "skipped": [],
      "duration": 0,
      "root": true,
      "rootEmpty": true,
      "_timeout": 2000
    }
  ],
  "meta": {
    "mocha": {
      "version": "7.0.1"
    },
    "mochawesome": {
      "options": {
        "quiet": false,
        "reportFilename": "[name]",
        "saveHtml": false,
        "saveJson": true,
        "consoleReporter": "spec",
        "useInlineDiffs": false,
        "code": true
      },
      "version": "7.1.3"
    },
    "marge": {
      "options": {
        "reportDir": "cypress/reports",
        "overwrite": true,
        "html": false,
        "json": true,
        "reportFilename": "[name]",
        "reportPageTitle": "Test Report",
        "charts": true,
        "embeddedScreenshots": true,
        "inlineAssets": true
      },
      "version": "6.2.0"
    }
  }
}