{
  "stats": {
    "suites": 1,
    "tests": 8,
    "passes": 8,
    "pending": 0,
    "failures": 0,
    "start": "2025-03-27T14:44:03.300Z",
    "end": "2025-03-27T14:44:12.643Z",
    "duration": 9343,
    "testsRegistered": 8,
    "passPercent": 100,
    "pendingPercent": 0,
    "other": 0,
    "hasOther": false,
    "skipped": 0,
    "hasSkipped": false
  },
  "results": [
    {
      "uuid": "cf5c73f5-e21d-4168-993e-c61c2ba3acff",
      "title": "",
      "fullFile": "cypress\\e2e\\ARSP\\arsp_004.cy.js",
      "file": "cypress\\e2e\\ARSP\\arsp_004.cy.js",
      "beforeHooks": [],
      "afterHooks": [],
      "tests": [],
      "suites": [
        {
          "uuid": "b480c0dc-66b9-4dfa-9c24-4dba4149136a",
          "title": "การทดสอบการคำนวณด้วยอัตราที่กำหนดเอง",
          "fullFile": "",
          "file": "",
          "beforeHooks": [],
          "afterHooks": [],
          "tests": [
            {
              "title": "TS_ARSP_04_001 ทดสอบการเปลี่ยนเป็นรูปแบบกำหนดอัตราเอง",
              "fullTitle": "การทดสอบการคำนวณด้วยอัตราที่กำหนดเอง TS_ARSP_04_001 ทดสอบการเปลี่ยนเป็นรูปแบบกำหนดอัตราเอง",
              "timedOut": null,
              "duration": 469,
              "state": "passed",
              "speed": "fast",
              "pass": true,
              "fail": false,
              "pending": false,
              "context": null,
              "code": "cy.get('[data-cy=\"custom-rate-radio\"]').check();\ncy.get('[data-cy=\"custom-rates-section\"]').should(\"not.have.class\", \"opacity-50\");\ncy.get('[data-cy=\"custom-rate-per-kg\"]').should(\"not.be.disabled\");\ncy.get('[data-cy=\"custom-rate-per-cbm\"]').should(\"not.be.disabled\");",
              "err": {},
              "uuid": "04572838-2281-48f4-af94-21ac5b593e1a",
              "parentUUID": "b480c0dc-66b9-4dfa-9c24-4dba4149136a",
              "isHook": false,
              "skipped": false
            },
            {
              "title": "TS_ARSP_04_002 ทดสอบการกรอกอัตราค่าขนส่งแบบกำหนดเองเป็นจำนวนทศนิยม",
              "fullTitle": "การทดสอบการคำนวณด้วยอัตราที่กำหนดเอง TS_ARSP_04_002 ทดสอบการกรอกอัตราค่าขนส่งแบบกำหนดเองเป็นจำนวนทศนิยม",
              "timedOut": null,
              "duration": 672,
              "state": "passed",
              "speed": "fast",
              "pass": true,
              "fail": false,
              "pending": false,
              "context": null,
              "code": "cy.get('[data-cy=\"custom-rate-radio\"]').check();\ncy.get('[data-cy=\"custom-rate-per-kg\"]').type(\"55.50\");\ncy.get('[data-cy=\"custom-rate-per-cbm\"]').type(\"6500.75\");\ncy.get('[data-cy=\"custom-rate-per-kg\"]').should(\"have.value\", \"55.50\");\ncy.get('[data-cy=\"custom-rate-per-cbm\"]').should(\"have.value\", \"6500.75\");",
              "err": {},
              "uuid": "a83a2b9a-a753-46d3-82f4-b51b63986608",
              "parentUUID": "b480c0dc-66b9-4dfa-9c24-4dba4149136a",
              "isHook": false,
              "skipped": false
            },
            {
              "title": "TS_ARSP_04_003 ทดสอบการคำนวณด้วยอัตราที่กำหนดเองจากน้ำหนัก",
              "fullTitle": "การทดสอบการคำนวณด้วยอัตราที่กำหนดเอง TS_ARSP_04_003 ทดสอบการคำนวณด้วยอัตราที่กำหนดเองจากน้ำหนัก",
              "timedOut": null,
              "duration": 1327,
              "state": "passed",
              "speed": "fast",
              "pass": true,
              "fail": false,
              "pending": false,
              "context": null,
              "code": "cy.get('[data-cy=\"custom-rate-radio\"]').check();\ncy.get('[data-cy=\"custom-rate-per-kg\"]').type(\"60\");\ncy.get('[data-cy=\"custom-rate-per-cbm\"]').type(\"6000\");\ncy.get('[data-cy=\"width-input\"]').type(\"10\");\ncy.get('[data-cy=\"length-input\"]').type(\"10\");\ncy.get('[data-cy=\"height-input\"]').type(\"10\");\ncy.get('[data-cy=\"weight-input\"]').type(\"5\");\ncy.get('[data-cy=\"calculate-button\"]').click();\n// น้ำหนักตามปริมาตร = (10*10*10)/5000 = 0.2 กก. น้อยกว่าน้ำหนักจริง 5 กก.\n// ค่าขนส่ง = 5 กก. * 60 บาท/กก. = 300 บาท\ncy.get('[data-cy=\"calculation-result\"]').should(\"be.visible\");\ncy.contains(\"วิธีการคิดราคา:\").parent().contains(\"คำนวณจากน้ำหนัก\").should(\"be.visible\");\ncy.get('[data-cy=\"shipping-cost\"]').contains(\"300.00 บาท\").should(\"be.visible\");",
              "err": {},
              "uuid": "24fad625-a496-45f4-b717-13d1b2d526e2",
              "parentUUID": "b480c0dc-66b9-4dfa-9c24-4dba4149136a",
              "isHook": false,
              "skipped": false
            },
            {
              "title": "TS_ARSP_04_004 ทดสอบการคำนวณด้วยอัตราที่กำหนดเองจากปริมาตร",
              "fullTitle": "การทดสอบการคำนวณด้วยอัตราที่กำหนดเอง TS_ARSP_04_004 ทดสอบการคำนวณด้วยอัตราที่กำหนดเองจากปริมาตร",
              "timedOut": null,
              "duration": 1336,
              "state": "passed",
              "speed": "fast",
              "pass": true,
              "fail": false,
              "pending": false,
              "context": null,
              "code": "cy.get('[data-cy=\"custom-rate-radio\"]').check();\ncy.get('[data-cy=\"custom-rate-per-kg\"]').type(\"60\");\ncy.get('[data-cy=\"custom-rate-per-cbm\"]').type(\"6000\");\ncy.get('[data-cy=\"width-input\"]').type(\"100\");\ncy.get('[data-cy=\"length-input\"]').type(\"100\");\ncy.get('[data-cy=\"height-input\"]').type(\"100\");\ncy.get('[data-cy=\"weight-input\"]').type(\"1\");\ncy.get('[data-cy=\"calculate-button\"]').click();\n// น้ำหนักตามปริมาตร = (100*100*100)/5000 = 200 กก. มากกว่าน้ำหนักจริง 1 กก.\n// ปริมาตร = (100*100*100)/1000000 = 1 คิว\n// ค่าขนส่ง = 1 คิว * 6000 บาท/คิว = 6,000 บาท\ncy.get('[data-cy=\"calculation-result\"]').should(\"be.visible\");\ncy.contains(\"วิธีการคิดราคา:\").parent().contains(\"คำนวณจากปริมาตร\").should(\"be.visible\");\ncy.get('[data-cy=\"shipping-cost\"]').contains(\"6,000.00 บาท\").should(\"be.visible\");",
              "err": {},
              "uuid": "8c86441c-6955-43df-9200-1d2c19ddb112",
              "parentUUID": "b480c0dc-66b9-4dfa-9c24-4dba4149136a",
              "isHook": false,
              "skipped": false
            },
            {
              "title": "TS_ARSP_04_005 ทดสอบความผิดพลาดเมื่อกรอกอัตราค่าขนส่งไม่ครบถ้วน",
              "fullTitle": "การทดสอบการคำนวณด้วยอัตราที่กำหนดเอง TS_ARSP_04_005 ทดสอบความผิดพลาดเมื่อกรอกอัตราค่าขนส่งไม่ครบถ้วน",
              "timedOut": null,
              "duration": 1155,
              "state": "passed",
              "speed": "fast",
              "pass": true,
              "fail": false,
              "pending": false,
              "context": null,
              "code": "cy.get('[data-cy=\"custom-rate-radio\"]').check();\ncy.get('[data-cy=\"custom-rate-per-kg\"]').type(\"60\");\n// ไม่กรอกค่า custom-rate-per-cbm\ncy.get('[data-cy=\"width-input\"]').type(\"50\");\ncy.get('[data-cy=\"length-input\"]').type(\"50\");\ncy.get('[data-cy=\"height-input\"]').type(\"50\");\ncy.get('[data-cy=\"weight-input\"]').type(\"10\");\ncy.get('[data-cy=\"calculate-button\"]').click();\ncy.contains(\"กรุณากรอกอัตราค่าขนส่งให้ครบถ้วน\").should(\"be.visible\");",
              "err": {},
              "uuid": "2cd256c4-8f70-4079-965a-0a5387c33e9b",
              "parentUUID": "b480c0dc-66b9-4dfa-9c24-4dba4149136a",
              "isHook": false,
              "skipped": false
            },
            {
              "title": "TS_ARSP_04_006 ทดสอบการแสดงข้อมูลประเภทการคำนวณในผลลัพธ์",
              "fullTitle": "การทดสอบการคำนวณด้วยอัตราที่กำหนดเอง TS_ARSP_04_006 ทดสอบการแสดงข้อมูลประเภทการคำนวณในผลลัพธ์",
              "timedOut": null,
              "duration": 1329,
              "state": "passed",
              "speed": "fast",
              "pass": true,
              "fail": false,
              "pending": false,
              "context": null,
              "code": "cy.get('[data-cy=\"custom-rate-radio\"]').check();\ncy.get('[data-cy=\"custom-rate-per-kg\"]').type(\"60\");\ncy.get('[data-cy=\"custom-rate-per-cbm\"]').type(\"6000\");\ncy.get('[data-cy=\"width-input\"]').type(\"50\");\ncy.get('[data-cy=\"length-input\"]').type(\"50\");\ncy.get('[data-cy=\"height-input\"]').type(\"50\");\ncy.get('[data-cy=\"weight-input\"]').type(\"20\");\ncy.get('[data-cy=\"calculate-button\"]').click();\ncy.get('[data-cy=\"calculation-result\"]').should(\"be.visible\");\ncy.contains(\"ประเภทการคำนวณ:\").parent().contains(\"คำนวณด้วยอัตราที่กำหนดเอง\").should(\"be.visible\");",
              "err": {},
              "uuid": "5db9f371-13c4-43aa-8cbb-20b921c9cb5e",
              "parentUUID": "b480c0dc-66b9-4dfa-9c24-4dba4149136a",
              "isHook": false,
              "skipped": false
            },
            {
              "title": "TS_ARSP_04_007 ทดสอบการคำนวณเมื่อน้ำหนักตามปริมาตรและน้ำหนักจริงเท่ากัน",
              "fullTitle": "การทดสอบการคำนวณด้วยอัตราที่กำหนดเอง TS_ARSP_04_007 ทดสอบการคำนวณเมื่อน้ำหนักตามปริมาตรและน้ำหนักจริงเท่ากัน",
              "timedOut": null,
              "duration": 1316,
              "state": "passed",
              "speed": "fast",
              "pass": true,
              "fail": false,
              "pending": false,
              "context": null,
              "code": "// ต้องกำหนดขนาดที่จะทำให้น้ำหนักตามปริมาตรเท่ากับ 10 กก.\n// สูตร: (กว้าง * ยาว * สูง) / 5000 = 10\n// เลือกใช้ 50 * 50 * 20 = 50000 / 5000 = 10 กก.\ncy.get('[data-cy=\"custom-rate-radio\"]').check();\ncy.get('[data-cy=\"custom-rate-per-kg\"]').type(\"60\");\ncy.get('[data-cy=\"custom-rate-per-cbm\"]').type(\"6000\");\ncy.get('[data-cy=\"width-input\"]').type(\"50\");\ncy.get('[data-cy=\"length-input\"]').type(\"50\");\ncy.get('[data-cy=\"height-input\"]').type(\"20\");\ncy.get('[data-cy=\"weight-input\"]').type(\"10\");\ncy.get('[data-cy=\"calculate-button\"]').click();\n// กรณีเท่ากัน ควรจะใช้การคำนวณจากน้ำหนักตามปริมาตร (volume)\ncy.get('[data-cy=\"calculation-result\"]').should(\"be.visible\");\ncy.contains(\"วิธีการคิดราคา:\").parent().contains(\"คำนวณจากปริมาตร\").should(\"be.visible\");",
              "err": {},
              "uuid": "9ac264d0-4dcc-45f5-a686-4a71ef463a10",
              "parentUUID": "b480c0dc-66b9-4dfa-9c24-4dba4149136a",
              "isHook": false,
              "skipped": false
            },
            {
              "title": "TS_ARSP_04_008 ทดสอบการคำนวณแบบกำหนดเองกับค่าทศนิยมหลายตำแหน่ง",
              "fullTitle": "การทดสอบการคำนวณด้วยอัตราที่กำหนดเอง TS_ARSP_04_008 ทดสอบการคำนวณแบบกำหนดเองกับค่าทศนิยมหลายตำแหน่ง",
              "timedOut": null,
              "duration": 1551,
              "state": "passed",
              "speed": "fast",
              "pass": true,
              "fail": false,
              "pending": false,
              "context": null,
              "code": "cy.get('[data-cy=\"custom-rate-radio\"]').check();\ncy.get('[data-cy=\"custom-rate-per-kg\"]').type(\"55.75\");\ncy.get('[data-cy=\"custom-rate-per-cbm\"]').type(\"6235.50\");\ncy.get('[data-cy=\"width-input\"]').type(\"45.5\");\ncy.get('[data-cy=\"length-input\"]').type(\"35.25\");\ncy.get('[data-cy=\"height-input\"]').type(\"22.75\");\ncy.get('[data-cy=\"weight-input\"]').type(\"12.35\");\ncy.get('[data-cy=\"calculate-button\"]').click();\n// น้ำหนักตามปริมาตร = (45.5*35.25*22.75)/5000 = 7.28 กก. < น้ำหนักจริง 12.35 กก.\n// ค่าขนส่ง = 12.35 กก. * 55.75 บาท/กก. = 688.51 บาท\ncy.get('[data-cy=\"calculation-result\"]').should(\"be.visible\");\ncy.contains(\"วิธีการคิดราคา:\").parent().contains(\"คำนวณจากน้ำหนัก\").should(\"be.visible\");\n// ตรวจสอบว่าผลการคำนวณใกล้เคียง 688.51 โดยใช้ regex ที่รองรับการปัดเศษ\ncy.get('[data-cy=\"shipping-cost\"]').invoke(\"text\").should(\"match\", /68[89]\\.\\d{2}\\sบาท/);",
              "err": {},
              "uuid": "95732c0b-a7cc-4de3-81e0-469923ce06f4",
              "parentUUID": "b480c0dc-66b9-4dfa-9c24-4dba4149136a",
              "isHook": false,
              "skipped": false
            }
          ],
          "suites": [],
          "passes": [
            "04572838-2281-48f4-af94-21ac5b593e1a",
            "a83a2b9a-a753-46d3-82f4-b51b63986608",
            "24fad625-a496-45f4-b717-13d1b2d526e2",
            "8c86441c-6955-43df-9200-1d2c19ddb112",
            "2cd256c4-8f70-4079-965a-0a5387c33e9b",
            "5db9f371-13c4-43aa-8cbb-20b921c9cb5e",
            "9ac264d0-4dcc-45f5-a686-4a71ef463a10",
            "95732c0b-a7cc-4de3-81e0-469923ce06f4"
          ],
          "failures": [],
          "pending": [],
          "skipped": [],
          "duration": 9155,
          "root": false,
          "rootEmpty": false,
          "_timeout": 2000
        }
      ],
      "passes": [],
      "failures": [],
      "pending": [],
      "skipped": [],
      "duration": 0,
      "root": true,
      "rootEmpty": true,
      "_timeout": 2000
    }
  ],
  "meta": {
    "mocha": {
      "version": "7.0.1"
    },
    "mochawesome": {
      "options": {
        "quiet": false,
        "reportFilename": "[name]",
        "saveHtml": false,
        "saveJson": true,
        "consoleReporter": "spec",
        "useInlineDiffs": false,
        "code": true
      },
      "version": "7.1.3"
    },
    "marge": {
      "options": {
        "reportDir": "cypress/reports",
        "overwrite": true,
        "html": false,
        "json": true,
        "reportFilename": "[name]",
        "reportPageTitle": "Test Report",
        "charts": true,
        "embeddedScreenshots": true,
        "inlineAssets": true
      },
      "version": "6.2.0"
    }
  }
}